Log file open, 11/05/22 18:11:01
LogWindows: Failed to load 'aqProf.dll' (GetLastError=126)
LogWindows: File 'aqProf.dll' does not exist
LogWindows: Failed to load 'VtuneApi.dll' (GetLastError=126)
LogWindows: File 'VtuneApi.dll' does not exist
LogWindows: Failed to load 'VtuneApi32e.dll' (GetLastError=126)
LogWindows: File 'VtuneApi32e.dll' does not exist
LogConsoleResponse: Display: Failed to find resolution value strings in scalability ini. Falling back to default.
LogConsoleResponse: Display: Failed to find resolution value strings in scalability ini. Falling back to default.
LogInit: Display: Running engine for game: Platformer
LogPlatformFile: Not using cached read wrapper
LogTaskGraph: Started task graph with 5 named threads and 14 total threads with 3 sets of task threads.
LogStats: Stats thread started at 0.602872
LogICUInternationalization: ICU TimeZone Detection - Raw Offset: -7:00, Platform Override: ''
LogInit: Display: Loading text-based GConfig....
LogPluginManager: Mounting plugin MeshPainting
LogPluginManager: Mounting plugin MegascansPlugin
LogPluginManager: Mounting plugin XGEController
LogPluginManager: Mounting plugin Paper2D
LogPluginManager: Mounting plugin AISupport
LogPluginManager: Mounting plugin LightPropagationVolume
LogPluginManager: Mounting plugin EnvironmentQueryEditor
LogPluginManager: Mounting plugin LiveLink
LogPluginManager: Mounting plugin OodleData
LogPluginManager: Mounting plugin OodleNetwork
LogPluginManager: Mounting plugin AnimationSharing
LogPluginManager: Mounting plugin CodeLiteSourceCodeAccess
LogPluginManager: Mounting plugin CLionSourceCodeAccess
LogPluginManager: Mounting plugin GitSourceControl
LogPluginManager: Mounting plugin KDevelopSourceCodeAccess
LogPluginManager: Mounting plugin NullSourceCodeAccess
LogPluginManager: Mounting plugin PerforceSourceControl
LogPluginManager: Mounting plugin PluginUtils
LogPluginManager: Mounting plugin PlasticSourceControl
LogPluginManager: Mounting plugin PixWinPlugin
LogPluginManager: Mounting plugin PropertyAccessNode
LogPluginManager: Mounting plugin SubversionSourceControl
LogPluginManager: Mounting plugin TextureFormatOodle
LogPluginManager: Mounting plugin UObjectPlugin
LogPluginManager: Mounting plugin VisualStudioCodeSourceCodeAccess
LogPluginManager: Mounting plugin AssetManagerEditor
LogPluginManager: Mounting plugin VisualStudioSourceCodeAccess
LogPluginManager: Mounting plugin XCodeSourceCodeAccess
LogPluginManager: Mounting plugin CryptoKeys
LogPluginManager: Mounting plugin CurveEditorTools
LogPluginManager: Mounting plugin DataValidation
LogPluginManager: Mounting plugin EditorScriptingUtilities
LogPluginManager: Mounting plugin FacialAnimation
LogPluginManager: Mounting plugin GameplayTagsEditor
LogPluginManager: Mounting plugin GeometryMode
LogPluginManager: Mounting plugin MacGraphicsSwitching
LogPluginManager: Mounting plugin MaterialAnalyzer
LogPluginManager: Mounting plugin MobileLauncherProfileWizard
LogPluginManager: Mounting plugin PluginBrowser
LogPluginManager: Mounting plugin SpeedTreeImporter
LogPluginManager: Mounting plugin DatasmithContent
LogPluginManager: Mounting plugin VariantManagerContent
LogPluginManager: Mounting plugin AlembicImporter
LogPluginManager: Mounting plugin AutomationUtils
LogPluginManager: Mounting plugin BackChannel
LogPluginManager: Mounting plugin ChaosCloth
LogPluginManager: Mounting plugin ChaosClothEditor
LogPluginManager: Mounting plugin ChaosEditor
LogPluginManager: Mounting plugin ChaosNiagara
LogPluginManager: Mounting plugin ChaosSolverPlugin
LogPluginManager: Mounting plugin RiderSourceCodeAccess
LogPluginManager: Mounting plugin CharacterAI
LogPluginManager: Mounting plugin ControlRig
LogPluginManager: Mounting plugin GeometryCache
LogPluginManager: Mounting plugin GeometryProcessing
LogPluginManager: Mounting plugin GeometryCollectionPlugin
LogPluginManager: Mounting plugin OpenImageDenoise
LogPluginManager: Mounting plugin MotoSynth
LogPluginManager: Mounting plugin PlanarCut
LogPluginManager: Mounting plugin PlatformCrypto
LogPluginManager: Mounting plugin ProxyLODPlugin
LogPluginManager: Mounting plugin PythonScriptPlugin
LogPluginManager: Mounting plugin SkeletalReduction
LogPluginManager: Mounting plugin Niagara
LogPluginManager: Mounting plugin AsyncLoadingScreen
LogPluginManager: Mounting plugin AutoSizeComments
LogPluginManager: Mounting plugin BlockoutToolsPlugin
LogPluginManager: Mounting plugin LuminPlatformFeatures
LogPluginManager: Mounting plugin MagicLeap
LogPluginManager: Mounting plugin MagicLeapLightEstimation
LogPluginManager: Mounting plugin MagicLeapMedia
LogPluginManager: Mounting plugin MagicLeapPassableWorld
LogPluginManager: Mounting plugin MLSDK
LogPluginManager: Mounting plugin AndroidMedia
LogPluginManager: Mounting plugin AvfMedia
LogPluginManager: Mounting plugin ImgMedia
LogPluginManager: Mounting plugin MediaCompositing
LogPluginManager: Mounting plugin MediaPlayerEditor
LogPluginManager: Mounting plugin WebMMedia
LogPluginManager: Mounting plugin WmfMedia
LogPluginManager: Mounting plugin CameraShakePreviewer
LogPluginManager: Mounting plugin GameplayCameras
LogPluginManager: Mounting plugin TcpMessaging
LogPluginManager: Mounting plugin UdpMessaging
LogPluginManager: Mounting plugin ActorSequence
LogPluginManager: Mounting plugin LevelSequenceEditor
LogPluginManager: Mounting plugin MatineeToLevelSequence
LogPluginManager: Mounting plugin TemplateSequence
LogPluginManager: Mounting plugin OnlineSubsystem
LogPluginManager: Mounting plugin OnlineSubsystemNull
LogPluginManager: Mounting plugin OnlineSubsystemUtils
LogPluginManager: Mounting plugin LauncherChunkInstaller
LogPluginManager: Mounting plugin ActorLayerUtilities
LogPluginManager: Mounting plugin AndroidMoviePlayer
LogPluginManager: Mounting plugin AndroidDeviceProfileSelector
LogPluginManager: Mounting plugin AndroidPermission
LogPluginManager: Mounting plugin AppleMoviePlayer
LogPluginManager: Mounting plugin AppleImageUtils
LogPluginManager: Mounting plugin ArchVisCharacter
LogPluginManager: Mounting plugin AssetTags
LogPluginManager: Mounting plugin AudioSynesthesia
LogPluginManager: Mounting plugin CableComponent
LogPluginManager: Mounting plugin ChunkDownloader
LogPluginManager: Mounting plugin CustomMeshComponent
LogPluginManager: Mounting plugin AudioCapture
LogPluginManager: Mounting plugin EditableMesh
LogPluginManager: Mounting plugin ExampleDeviceProfileSelector
LogPluginManager: Mounting plugin GoogleCloudMessaging
LogPluginManager: Mounting plugin GooglePAD
LogPluginManager: Mounting plugin IOSDeviceProfileSelector
LogPluginManager: Mounting plugin LinuxDeviceProfileSelector
LogPluginManager: Mounting plugin LocationServicesBPLibrary
LogPluginManager: Mounting plugin MobilePatchingUtils
LogPluginManager: Mounting plugin OpenXR
LogPluginManager: Mounting plugin OpenXREyeTracker
LogPluginManager: Mounting plugin OpenXRHandTracking
LogPluginManager: Mounting plugin PhysXVehicles
LogPluginManager: Mounting plugin ScreenshotTools
LogPluginManager: Mounting plugin PostSplashScreen
LogPluginManager: Mounting plugin ProceduralMeshComponent
LogPluginManager: Mounting plugin PropertyAccessEditor
LogPluginManager: Mounting plugin RuntimePhysXCooking
LogPluginManager: Mounting plugin SignificanceManager
LogPluginManager: Mounting plugin SoundFields
LogPluginManager: Mounting plugin Synthesis
LogPluginManager: Mounting plugin WebMMoviePlayer
LogPluginManager: Mounting plugin WindowsMoviePlayer
LogPluginManager: Mounting plugin Takes
LogPluginManager: Mounting plugin ContentBrowserAssetDataSource
LogPluginManager: Mounting plugin ContentBrowserClassDataSource
LogPluginManager: Mounting plugin ContentBrowserFileDataSource
LogPluginManager: Mounting plugin OnlineSubsystemGooglePlay
LogPluginManager: Mounting plugin OnlineSubsystemIOS
LogPluginManager: Mounting plugin DatabaseSupport
LogPluginManager: Mounting plugin SQLiteCore
LogPluginManager: Mounting plugin SQLiteSupport
LogPluginManager: Mounting plugin OculusVR
LogPluginManager: Mounting plugin SteamVR
PixWinPlugin: PIX capture plugin failed to initialize! Check that the process is launched from PIX.
LogInit: Using libcurl 7.55.1-DEV
LogInit:  - built for x86_64-pc-win32
LogInit:  - supports SSL with OpenSSL/1.1.1
LogInit:  - supports HTTP deflate (compression) using libz 1.2.8
LogInit:  - other features:
LogInit:      CURL_VERSION_SSL
LogInit:      CURL_VERSION_LIBZ
LogInit:      CURL_VERSION_IPV6
LogInit:      CURL_VERSION_ASYNCHDNS
LogInit:      CURL_VERSION_LARGEFILE
LogInit:      CURL_VERSION_IDN
LogInit:  CurlRequestOptions (configurable via config and command line):
LogInit:  - bVerifyPeer = true  - Libcurl will verify peer certificate
LogInit:  - bUseHttpProxy = false  - Libcurl will NOT use HTTP proxy
LogInit:  - bDontReuseConnections = false  - Libcurl will reuse connections
LogInit:  - MaxHostConnections = 16  - Libcurl will limit the number of connections to a host
LogInit:  - LocalHostAddr = Default
LogInit:  - BufferSize = 65536
LogOnline: OSS: Creating online subsystem instance for: NULL
LogInit: WinSock: version 1.1 (2.2), MaxSocks=32767, MaxUdp=65467
LogOnline: OSS: TryLoadSubsystemAndSetDefault: Loaded subsystem for module [NULL]
LogOculusPluginWrapper: OculusPlugin initialized successfully
LogHMD: Failed initializing OVRPlugin 1.59.0
LogInit: Build: ++UE4+Release-4.27-CL-18319896
LogInit: Engine Version: 4.27.2-18319896+++UE4+Release-4.27
LogInit: Compatible Engine Version: 4.27.0-17155196+++UE4+Release-4.27
LogInit: Net CL: 17155196
LogInit: OS: Windows 10 (Release 2009) (), CPU: AMD Ryzen 3 1200 Quad-Core Processor           , GPU: NVIDIA GeForce GTX 770
LogInit: Compiled (64-bit): Nov 30 2021 07:12:08
LogInit: Compiled with Visual C++: 19.24.28315.00
LogInit: Build Configuration: Development
LogInit: Branch Name: ++UE4+Release-4.27
LogInit: Command Line: 
LogInit: Base Directory: D:/Epic Games/UE_4.27/Engine/Binaries/Win64/
LogInit: Allocator: TBB
LogInit: Installed Engine Build: 1
LogDevObjectVersion: Number of dev versions registered: 29
LogDevObjectVersion:   Dev-Blueprints (B0D832E4-1F89-4F0D-ACCF-7EB736FD4AA2): 10
LogDevObjectVersion:   Dev-Build (E1C64328-A22C-4D53-A36C-8E866417BD8C): 0
LogDevObjectVersion:   Dev-Core (375EC13C-06E4-48FB-B500-84F0262A717E): 4
LogDevObjectVersion:   Dev-Editor (E4B068ED-F494-42E9-A231-DA0B2E46BB41): 40
LogDevObjectVersion:   Dev-Framework (CFFC743F-43B0-4480-9391-14DF171D2073): 37
LogDevObjectVersion:   Dev-Mobile (B02B49B5-BB20-44E9-A304-32B752E40360): 3
LogDevObjectVersion:   Dev-Networking (A4E4105C-59A1-49B5-A7C5-40C4547EDFEE): 0
LogDevObjectVersion:   Dev-Online (39C831C9-5AE6-47DC-9A44-9C173E1C8E7C): 0
LogDevObjectVersion:   Dev-Physics (78F01B33-EBEA-4F98-B9B4-84EACCB95AA2): 14
LogDevObjectVersion:   Dev-Platform (6631380F-2D4D-43E0-8009-CF276956A95A): 0
LogDevObjectVersion:   Dev-Rendering (12F88B9F-8875-4AFC-A67C-D90C383ABD29): 45
LogDevObjectVersion:   Dev-Sequencer (7B5AE74C-D270-4C10-A958-57980B212A5A): 13
LogDevObjectVersion:   Dev-VR (D7296918-1DD6-4BDD-9DE2-64A83CC13884): 3
LogDevObjectVersion:   Dev-LoadTimes (C2A15278-BFE7-4AFE-6C17-90FF531DF755): 1
LogDevObjectVersion:   Private-Geometry (6EACA3D4-40EC-4CC1-B786-8BED09428FC5): 3
LogDevObjectVersion:   Dev-AnimPhys (29E575DD-E0A3-4627-9D10-D276232CDCEA): 17
LogDevObjectVersion:   Dev-Anim (AF43A65D-7FD3-4947-9873-3E8ED9C1BB05): 15
LogDevObjectVersion:   Dev-ReflectionCapture (6B266CEC-1EC7-4B8F-A30B-E4D90942FC07): 1
LogDevObjectVersion:   Dev-Automation (0DF73D61-A23F-47EA-B727-89E90C41499A): 1
LogDevObjectVersion:   FortniteMain (601D1886-AC64-4F84-AA16-D3DE0DEAC7D6): 47
LogDevObjectVersion:   FortniteRelease (E7086368-6B23-4C58-8439-1B7016265E91): 1
LogDevObjectVersion:   Dev-Enterprise (9DFFBCD6-494F-0158-E221-12823C92A888): 10
LogDevObjectVersion:   Dev-Niagara (F2AED0AC-9AFE-416F-8664-AA7FFA26D6FC): 1
LogDevObjectVersion:   Dev-Destruction (174F1F0B-B4C6-45A5-B13F-2EE8D0FB917D): 10
LogDevObjectVersion:   Dev-Physics-Ext (35F94A83-E258-406C-A318-09F59610247C): 41
LogDevObjectVersion:   Dev-PhysicsMaterial-Chaos (B68FC16E-8B1B-42E2-B453-215C058844FE): 1
LogDevObjectVersion:   Dev-CineCamera (B2E18506-4273-CFC2-A54E-F4BB758BBA07): 1
LogDevObjectVersion:   Dev-VirtualProduction (64F58936-FD1B-42BA-BA96-7289D5D0FA4E): 1
LogDevObjectVersion:   Dev-MediaFramework (6F0ED827-A609-4895-9C91-998D90180EA4): 2
LogInit: Presizing for max 25165824 objects, including 0 objects not considered by GC, pre-allocating 0 bytes for permanent pool.
LogConfig: Applying CVar settings from Section [/Script/Engine.StreamingSettings] File [C:/Users/Benny/Documents/GitHub/UnrealBrokenLegs/Platformer/Saved/Config/Windows/Engine.ini]
LogConfig: Setting CVar [[s.MinBulkDataSizeForAsyncLoading:131072]]
LogConfig: Setting CVar [[s.AsyncLoadingThreadEnabled:0]]
LogConfig: Setting CVar [[s.EventDrivenLoaderEnabled:1]]
LogConfig: Setting CVar [[s.WarnIfTimeLimitExceeded:0]]
LogConfig: Setting CVar [[s.TimeLimitExceededMultiplier:1.5]]
LogConfig: Setting CVar [[s.TimeLimitExceededMinTime:0.005]]
LogConfig: Setting CVar [[s.UseBackgroundLevelStreaming:1]]
LogConfig: Setting CVar [[s.PriorityAsyncLoadingExtraTime:15.0]]
LogConfig: Setting CVar [[s.LevelStreamingActorsUpdateTimeLimit:5.0]]
LogConfig: Setting CVar [[s.PriorityLevelStreamingActorsUpdateExtraTime:5.0]]
LogConfig: Setting CVar [[s.LevelStreamingComponentsRegistrationGranularity:10]]
LogConfig: Setting CVar [[s.UnregisterComponentsTimeLimit:1.0]]
LogConfig: Setting CVar [[s.LevelStreamingComponentsUnregistrationGranularity:5]]
LogConfig: Setting CVar [[s.FlushStreamingOnExit:1]]
LogInit: Object subsystem initialized
LogConfig: Setting CVar [[con.DebugEarlyDefault:1]]
LogConfig: Setting CVar [[r.setres:1280x720]]
[2022.11.06-00.11.02:227][  0]LogConfig: Setting CVar [[r.VSync:0]]
[2022.11.06-00.11.02:227][  0]LogConfig: Setting CVar [[r.RHICmdBypass:0]]
[2022.11.06-00.11.02:227][  0]LogConfig: Applying CVar settings from Section [/Script/Engine.RendererSettings] File [C:/Users/Benny/Documents/GitHub/UnrealBrokenLegs/Platformer/Saved/Config/Windows/Engine.ini]
[2022.11.06-00.11.02:227][  0]LogConfig: Setting CVar [[r.GPUCrashDebugging:0]]
[2022.11.06-00.11.02:227][  0]LogConfig: Setting CVar [[r.DefaultFeature.MotionBlur:0]]
[2022.11.06-00.11.02:227][  0]LogConfig: Setting CVar [[r.DefaultFeature.AutoExposure:0]]
[2022.11.06-00.11.02:227][  0]LogConfig: Setting CVar [[r.DefaultFeature.AutoExposure.Bias:-1.000000]]
[2022.11.06-00.11.02:227][  0]LogConfig: Applying CVar settings from Section [/Script/Engine.RendererOverrideSettings] File [C:/Users/Benny/Documents/GitHub/UnrealBrokenLegs/Platformer/Saved/Config/Windows/Engine.ini]
[2022.11.06-00.11.02:227][  0]LogConfig: Applying CVar settings from Section [/Script/Engine.StreamingSettings] File [C:/Users/Benny/Documents/GitHub/UnrealBrokenLegs/Platformer/Saved/Config/Windows/Engine.ini]
[2022.11.06-00.11.02:227][  0]LogConfig: Setting CVar [[s.MinBulkDataSizeForAsyncLoading:131072]]
[2022.11.06-00.11.02:227][  0]LogConfig: Setting CVar [[s.AsyncLoadingThreadEnabled:0]]
[2022.11.06-00.11.02:227][  0]LogConfig: Setting CVar [[s.EventDrivenLoaderEnabled:1]]
[2022.11.06-00.11.02:227][  0]LogConfig: Setting CVar [[s.WarnIfTimeLimitExceeded:0]]
[2022.11.06-00.11.02:227][  0]LogConfig: Setting CVar [[s.TimeLimitExceededMultiplier:1.5]]
[2022.11.06-00.11.02:227][  0]LogConfig: Setting CVar [[s.TimeLimitExceededMinTime:0.005]]
[2022.11.06-00.11.02:228][  0]LogConfig: Setting CVar [[s.UseBackgroundLevelStreaming:1]]
[2022.11.06-00.11.02:228][  0]LogConfig: Setting CVar [[s.PriorityAsyncLoadingExtraTime:15.0]]
[2022.11.06-00.11.02:228][  0]LogConfig: Setting CVar [[s.LevelStreamingActorsUpdateTimeLimit:5.0]]
[2022.11.06-00.11.02:228][  0]LogConfig: Setting CVar [[s.PriorityLevelStreamingActorsUpdateExtraTime:5.0]]
[2022.11.06-00.11.02:228][  0]LogConfig: Setting CVar [[s.LevelStreamingComponentsRegistrationGranularity:10]]
[2022.11.06-00.11.02:228][  0]LogConfig: Setting CVar [[s.UnregisterComponentsTimeLimit:1.0]]
[2022.11.06-00.11.02:228][  0]LogConfig: Setting CVar [[s.LevelStreamingComponentsUnregistrationGranularity:5]]
[2022.11.06-00.11.02:228][  0]LogConfig: Setting CVar [[s.FlushStreamingOnExit:1]]
[2022.11.06-00.11.02:228][  0]LogConfig: Applying CVar settings from Section [/Script/Engine.GarbageCollectionSettings] File [C:/Users/Benny/Documents/GitHub/UnrealBrokenLegs/Platformer/Saved/Config/Windows/Engine.ini]
[2022.11.06-00.11.02:228][  0]LogConfig: Setting CVar [[gc.MaxObjectsNotConsideredByGC:1]]
[2022.11.06-00.11.02:228][  0]LogConfig: Setting CVar [[gc.SizeOfPermanentObjectPool:0]]
[2022.11.06-00.11.02:228][  0]LogConfig: Setting CVar [[gc.FlushStreamingOnGC:0]]
[2022.11.06-00.11.02:228][  0]LogConfig: Setting CVar [[gc.NumRetriesBeforeForcingGC:10]]
[2022.11.06-00.11.02:228][  0]LogConfig: Setting CVar [[gc.AllowParallelGC:1]]
[2022.11.06-00.11.02:228][  0]LogConfig: Setting CVar [[gc.TimeBetweenPurgingPendingKillObjects:61.1]]
[2022.11.06-00.11.02:228][  0]LogConfig: Setting CVar [[gc.MaxObjectsInEditor:25165824]]
[2022.11.06-00.11.02:228][  0]LogConfig: Setting CVar [[gc.IncrementalBeginDestroyEnabled:1]]
[2022.11.06-00.11.02:228][  0]LogConfig: Setting CVar [[gc.CreateGCClusters:1]]
[2022.11.06-00.11.02:228][  0]LogConfig: Setting CVar [[gc.MinGCClusterSize:5]]
[2022.11.06-00.11.02:228][  0]LogConfig: Setting CVar [[gc.ActorClusteringEnabled:0]]
[2022.11.06-00.11.02:228][  0]LogConfig: Setting CVar [[gc.BlueprintClusteringEnabled:0]]
[2022.11.06-00.11.02:228][  0]LogConfig: Setting CVar [[gc.UseDisregardForGCOnDedicatedServers:0]]
[2022.11.06-00.11.02:228][  0]LogConfig: Setting CVar [[gc.MultithreadedDestructionEnabled:1]]
[2022.11.06-00.11.02:228][  0]LogConfig: Applying CVar settings from Section [/Script/Engine.NetworkSettings] File [C:/Users/Benny/Documents/GitHub/UnrealBrokenLegs/Platformer/Saved/Config/Windows/Engine.ini]
[2022.11.06-00.11.02:228][  0]LogConfig: Applying CVar settings from Section [/Script/UnrealEd.CookerSettings] File [C:/Users/Benny/Documents/GitHub/UnrealBrokenLegs/Platformer/Saved/Config/Windows/Engine.ini]
[2022.11.06-00.11.02:245][  0]LogConfig: Applying CVar settings from Section [ViewDistanceQuality@3] File [C:/Users/Benny/Documents/GitHub/UnrealBrokenLegs/Platformer/Saved/Config/Windows/Scalability.ini]
[2022.11.06-00.11.02:245][  0]LogConfig: Setting CVar [[r.SkeletalMeshLODBias:0]]
[2022.11.06-00.11.02:246][  0]LogConfig: Setting CVar [[r.ViewDistanceScale:1.0]]
[2022.11.06-00.11.02:246][  0]LogConfig: Applying CVar settings from Section [AntiAliasingQuality@3] File [C:/Users/Benny/Documents/GitHub/UnrealBrokenLegs/Platformer/Saved/Config/Windows/Scalability.ini]
[2022.11.06-00.11.02:246][  0]LogConfig: Setting CVar [[r.PostProcessAAQuality:4]]
[2022.11.06-00.11.02:246][  0]LogConfig: Applying CVar settings from Section [ShadowQuality@3] File [C:/Users/Benny/Documents/GitHub/UnrealBrokenLegs/Platformer/Saved/Config/Windows/Scalability.ini]
[2022.11.06-00.11.02:246][  0]LogConfig: Setting CVar [[r.LightFunctionQuality:1]]
[2022.11.06-00.11.02:246][  0]LogConfig: Setting CVar [[r.ShadowQuality:5]]
[2022.11.06-00.11.02:246][  0]LogConfig: Setting CVar [[r.Shadow.CSM.MaxCascades:10]]
[2022.11.06-00.11.02:246][  0]LogConfig: Setting CVar [[r.Shadow.MaxResolution:2048]]
[2022.11.06-00.11.02:246][  0]LogConfig: Setting CVar [[r.Shadow.MaxCSMResolution:2048]]
[2022.11.06-00.11.02:246][  0]LogConfig: Setting CVar [[r.Shadow.RadiusThreshold:0.01]]
[2022.11.06-00.11.02:246][  0]LogConfig: Setting CVar [[r.Shadow.DistanceScale:1.0]]
[2022.11.06-00.11.02:246][  0]LogConfig: Setting CVar [[r.Shadow.CSM.TransitionScale:1.0]]
[2022.11.06-00.11.02:246][  0]LogConfig: Setting CVar [[r.Shadow.PreShadowResolutionFactor:1.0]]
[2022.11.06-00.11.02:246][  0]LogConfig: Setting CVar [[r.DistanceFieldShadowing:1]]
[2022.11.06-00.11.02:246][  0]LogConfig: Setting CVar [[r.DistanceFieldAO:1]]
[2022.11.06-00.11.02:246][  0]LogConfig: Setting CVar [[r.AOQuality:2]]
[2022.11.06-00.11.02:246][  0]LogConfig: Setting CVar [[r.VolumetricFog:1]]
[2022.11.06-00.11.02:246][  0]LogConfig: Setting CVar [[r.VolumetricFog.GridPixelSize:8]]
[2022.11.06-00.11.02:246][  0]LogConfig: Setting CVar [[r.VolumetricFog.GridSizeZ:128]]
[2022.11.06-00.11.02:246][  0]LogConfig: Setting CVar [[r.VolumetricFog.HistoryMissSupersampleCount:4]]
[2022.11.06-00.11.02:246][  0]LogConfig: Setting CVar [[r.LightMaxDrawDistanceScale:1]]
[2022.11.06-00.11.02:246][  0]LogConfig: Setting CVar [[r.CapsuleShadows:1]]
[2022.11.06-00.11.02:246][  0]LogConfig: Applying CVar settings from Section [PostProcessQuality@3] File [C:/Users/Benny/Documents/GitHub/UnrealBrokenLegs/Platformer/Saved/Config/Windows/Scalability.ini]
[2022.11.06-00.11.02:246][  0]LogConfig: Setting CVar [[r.MotionBlurQuality:4]]
[2022.11.06-00.11.02:246][  0]LogConfig: Setting CVar [[r.AmbientOcclusionMipLevelFactor:0.4]]
[2022.11.06-00.11.02:246][  0]LogConfig: Setting CVar [[r.AmbientOcclusionMaxQuality:100]]
[2022.11.06-00.11.02:246][  0]LogConfig: Setting CVar [[r.AmbientOcclusionLevels:-1]]
[2022.11.06-00.11.02:246][  0]LogConfig: Setting CVar [[r.AmbientOcclusionRadiusScale:1.0]]
[2022.11.06-00.11.02:246][  0]LogConfig: Setting CVar [[r.DepthOfFieldQuality:2]]
[2022.11.06-00.11.02:246][  0]LogConfig: Setting CVar [[r.RenderTargetPoolMin:400]]
[2022.11.06-00.11.02:246][  0]LogConfig: Setting CVar [[r.LensFlareQuality:2]]
[2022.11.06-00.11.02:246][  0]LogConfig: Setting CVar [[r.SceneColorFringeQuality:1]]
[2022.11.06-00.11.02:246][  0]LogConfig: Setting CVar [[r.EyeAdaptationQuality:2]]
[2022.11.06-00.11.02:246][  0]LogConfig: Setting CVar [[r.BloomQuality:5]]
[2022.11.06-00.11.02:246][  0]LogConfig: Setting CVar [[r.FastBlurThreshold:100]]
[2022.11.06-00.11.02:246][  0]LogConfig: Setting CVar [[r.Upscale.Quality:3]]
[2022.11.06-00.11.02:246][  0]LogConfig: Setting CVar [[r.Tonemapper.GrainQuantization:1]]
[2022.11.06-00.11.02:246][  0]LogConfig: Setting CVar [[r.LightShaftQuality:1]]
[2022.11.06-00.11.02:246][  0]LogConfig: Setting CVar [[r.Filter.SizeScale:1]]
[2022.11.06-00.11.02:246][  0]LogConfig: Setting CVar [[r.Tonemapper.Quality:5]]
[2022.11.06-00.11.02:246][  0]LogConfig: Setting CVar [[r.DOF.Gather.AccumulatorQuality:1        ; higher gathering accumulator quality]]
[2022.11.06-00.11.02:246][  0]LogConfig: Setting CVar [[r.DOF.Gather.PostfilterMethod:1          ; Median3x3 postfilering method]]
[2022.11.06-00.11.02:246][  0]LogConfig: Setting CVar [[r.DOF.Gather.EnableBokehSettings:0       ; no bokeh simulation when gathering]]
[2022.11.06-00.11.02:246][  0]LogConfig: Setting CVar [[r.DOF.Gather.RingCount:4                 ; medium number of samples when gathering]]
[2022.11.06-00.11.02:246][  0]LogConfig: Setting CVar [[r.DOF.Scatter.ForegroundCompositing:1    ; additive foreground scattering]]
[2022.11.06-00.11.02:246][  0]LogConfig: Setting CVar [[r.DOF.Scatter.BackgroundCompositing:2    ; additive background scattering]]
[2022.11.06-00.11.02:246][  0]LogConfig: Setting CVar [[r.DOF.Scatter.EnableBokehSettings:1      ; bokeh simulation when scattering]]
[2022.11.06-00.11.02:246][  0]LogConfig: Setting CVar [[r.DOF.Scatter.MaxSpriteRatio:0.1         ; only a maximum of 10% of scattered bokeh]]
[2022.11.06-00.11.02:246][  0]LogConfig: Setting CVar [[r.DOF.Recombine.Quality:1                ; cheap slight out of focus]]
[2022.11.06-00.11.02:246][  0]LogConfig: Setting CVar [[r.DOF.Recombine.EnableBokehSettings:0    ; no bokeh simulation on slight out of focus]]
[2022.11.06-00.11.02:246][  0]LogConfig: Setting CVar [[r.DOF.TemporalAAQuality:1                ; more stable temporal accumulation]]
[2022.11.06-00.11.02:246][  0]LogConfig: Setting CVar [[r.DOF.Kernel.MaxForegroundRadius:0.025]]
[2022.11.06-00.11.02:246][  0]LogConfig: Setting CVar [[r.DOF.Kernel.MaxBackgroundRadius:0.025]]
[2022.11.06-00.11.02:246][  0]LogConfig: Applying CVar settings from Section [TextureQuality@3] File [C:/Users/Benny/Documents/GitHub/UnrealBrokenLegs/Platformer/Saved/Config/Windows/Scalability.ini]
[2022.11.06-00.11.02:246][  0]LogConfig: Setting CVar [[r.Streaming.MipBias:0]]
[2022.11.06-00.11.02:246][  0]LogConfig: Setting CVar [[r.Streaming.AmortizeCPUToGPUCopy:0]]
[2022.11.06-00.11.02:246][  0]LogConfig: Setting CVar [[r.Streaming.MaxNumTexturesToStreamPerFrame:0]]
[2022.11.06-00.11.02:246][  0]LogConfig: Setting CVar [[r.Streaming.Boost:1]]
[2022.11.06-00.11.02:246][  0]LogConfig: Setting CVar [[r.MaxAnisotropy:8]]
[2022.11.06-00.11.02:246][  0]LogConfig: Setting CVar [[r.VT.MaxAnisotropy:8]]
[2022.11.06-00.11.02:247][  0]LogConfig: Setting CVar [[r.Streaming.LimitPoolSizeToVRAM:0]]
[2022.11.06-00.11.02:247][  0]LogConfig: Setting CVar [[r.Streaming.PoolSize:1000]]
[2022.11.06-00.11.02:247][  0]LogConfig: Setting CVar [[r.Streaming.MaxEffectiveScreenSize:0]]
[2022.11.06-00.11.02:247][  0]LogConfig: Applying CVar settings from Section [EffectsQuality@3] File [C:/Users/Benny/Documents/GitHub/UnrealBrokenLegs/Platformer/Saved/Config/Windows/Scalability.ini]
[2022.11.06-00.11.02:247][  0]LogConfig: Setting CVar [[r.TranslucencyLightingVolumeDim:64]]
[2022.11.06-00.11.02:247][  0]LogConfig: Setting CVar [[r.RefractionQuality:2]]
[2022.11.06-00.11.02:247][  0]LogConfig: Setting CVar [[r.SSR.Quality:3]]
[2022.11.06-00.11.02:247][  0]LogConfig: Setting CVar [[r.SSR.HalfResSceneColor:0]]
[2022.11.06-00.11.02:247][  0]LogConfig: Setting CVar [[r.SceneColorFormat:4]]
[2022.11.06-00.11.02:247][  0]LogConfig: Setting CVar [[r.DetailMode:2]]
[2022.11.06-00.11.02:247][  0]LogConfig: Setting CVar [[r.TranslucencyVolumeBlur:1]]
[2022.11.06-00.11.02:247][  0]LogConfig: Setting CVar [[r.MaterialQualityLevel:1 ; High quality]]
[2022.11.06-00.11.02:247][  0]LogConfig: Setting CVar [[r.AnisotropicMaterials:1]]
[2022.11.06-00.11.02:247][  0]LogConfig: Setting CVar [[r.SSS.Scale:1]]
[2022.11.06-00.11.02:247][  0]LogConfig: Setting CVar [[r.SSS.SampleSet:2]]
[2022.11.06-00.11.02:247][  0]LogConfig: Setting CVar [[r.SSS.Quality:1]]
[2022.11.06-00.11.02:247][  0]LogConfig: Setting CVar [[r.SSS.HalfRes:0]]
[2022.11.06-00.11.02:247][  0]LogConfig: Setting CVar [[r.SSGI.Quality:3]]
[2022.11.06-00.11.02:247][  0]LogConfig: Setting CVar [[r.EmitterSpawnRateScale:1.0]]
[2022.11.06-00.11.02:247][  0]LogConfig: Setting CVar [[r.ParticleLightQuality:2]]
[2022.11.06-00.11.02:247][  0]LogConfig: Setting CVar [[r.SkyAtmosphere.AerialPerspectiveLUT.FastApplyOnOpaque:1 ; Always have FastSkyLUT 1 in this case to avoid wrong sky]]
[2022.11.06-00.11.02:247][  0]LogConfig: Setting CVar [[r.SkyAtmosphere.AerialPerspectiveLUT.SampleCountMaxPerSlice:4]]
[2022.11.06-00.11.02:247][  0]LogConfig: Setting CVar [[r.SkyAtmosphere.AerialPerspectiveLUT.DepthResolution:16.0]]
[2022.11.06-00.11.02:247][  0]LogConfig: Setting CVar [[r.SkyAtmosphere.FastSkyLUT:1]]
[2022.11.06-00.11.02:247][  0]LogConfig: Setting CVar [[r.SkyAtmosphere.FastSkyLUT.SampleCountMin:4.0]]
[2022.11.06-00.11.02:247][  0]LogConfig: Setting CVar [[r.SkyAtmosphere.FastSkyLUT.SampleCountMax:128.0]]
[2022.11.06-00.11.02:247][  0]LogConfig: Setting CVar [[r.SkyAtmosphere.SampleCountMin:4.0]]
[2022.11.06-00.11.02:247][  0]LogConfig: Setting CVar [[r.SkyAtmosphere.SampleCountMax:128.0]]
[2022.11.06-00.11.02:247][  0]LogConfig: Setting CVar [[r.SkyAtmosphere.TransmittanceLUT.UseSmallFormat:0]]
[2022.11.06-00.11.02:247][  0]LogConfig: Setting CVar [[r.SkyAtmosphere.TransmittanceLUT.SampleCount:10.0]]
[2022.11.06-00.11.02:247][  0]LogConfig: Setting CVar [[r.SkyAtmosphere.MultiScatteringLUT.SampleCount:15.0]]
[2022.11.06-00.11.02:247][  0]LogConfig: Setting CVar [[r.SkyLight.RealTimeReflectionCapture:1]]
[2022.11.06-00.11.02:247][  0]LogConfig: Applying CVar settings from Section [FoliageQuality@3] File [C:/Users/Benny/Documents/GitHub/UnrealBrokenLegs/Platformer/Saved/Config/Windows/Scalability.ini]
[2022.11.06-00.11.02:247][  0]LogConfig: Setting CVar [[foliage.DensityScale:1.0]]
[2022.11.06-00.11.02:247][  0]LogConfig: Setting CVar [[grass.DensityScale:1.0]]
[2022.11.06-00.11.02:247][  0]LogConfig: Applying CVar settings from Section [ShadingQuality@3] File [C:/Users/Benny/Documents/GitHub/UnrealBrokenLegs/Platformer/Saved/Config/Windows/Scalability.ini]
[2022.11.06-00.11.02:247][  0]LogConfig: Setting CVar [[r.HairStrands.SkyLighting.IntegrationType:2]]
[2022.11.06-00.11.02:247][  0]LogConfig: Setting CVar [[r.HairStrands.SkyAO.SampleCount:4]]
[2022.11.06-00.11.02:247][  0]LogConfig: Setting CVar [[r.HairStrands.Visibility.MSAA.SamplePerPixel:4]]
[2022.11.06-00.11.02:247][  0]LogInit: Selected Device Profile: [Windows]
[2022.11.06-00.11.02:247][  0]LogInit: Applying CVar settings loaded from the selected device profile: [Windows]
[2022.11.06-00.11.02:247][  0]LogHAL: Display: Platform has ~ 16 GB [17126322176 / 17179869184 / 16], which maps to Larger [LargestMinGB=32, LargerMinGB=12, DefaultMinGB=8, SmallerMinGB=6, SmallestMinGB=0)
[2022.11.06-00.11.02:247][  0]LogInit: Going up to parent DeviceProfile []
[2022.11.06-00.11.02:247][  0]LogConfig: Applying CVar settings from Section [ViewDistanceQuality@2] File [C:/Users/Benny/Documents/GitHub/UnrealBrokenLegs/Platformer/Saved/Config/Windows/Scalability.ini]
[2022.11.06-00.11.02:247][  0]LogConfig: Setting CVar [[r.SkeletalMeshLODBias:0]]
[2022.11.06-00.11.02:247][  0]LogConfig: Setting CVar [[r.ViewDistanceScale:0.8]]
[2022.11.06-00.11.02:247][  0]LogConfig: Applying CVar settings from Section [AntiAliasingQuality@2] File [C:/Users/Benny/Documents/GitHub/UnrealBrokenLegs/Platformer/Saved/Config/Windows/Scalability.ini]
[2022.11.06-00.11.02:247][  0]LogConfig: Setting CVar [[r.PostProcessAAQuality:3]]
[2022.11.06-00.11.02:247][  0]LogConfig: Applying CVar settings from Section [ShadowQuality@2] File [C:/Users/Benny/Documents/GitHub/UnrealBrokenLegs/Platformer/Saved/Config/Windows/Scalability.ini]
[2022.11.06-00.11.02:247][  0]LogConfig: Setting CVar [[r.LightFunctionQuality:1]]
[2022.11.06-00.11.02:247][  0]LogConfig: Setting CVar [[r.ShadowQuality:5]]
[2022.11.06-00.11.02:247][  0]LogConfig: Setting CVar [[r.Shadow.CSM.MaxCascades:4]]
[2022.11.06-00.11.02:247][  0]LogConfig: Setting CVar [[r.Shadow.MaxResolution:1024]]
[2022.11.06-00.11.02:247][  0]LogConfig: Setting CVar [[r.Shadow.MaxCSMResolution:2048]]
[2022.11.06-00.11.02:247][  0]LogConfig: Setting CVar [[r.Shadow.RadiusThreshold:0.04]]
[2022.11.06-00.11.02:247][  0]LogConfig: Setting CVar [[r.Shadow.DistanceScale:0.85]]
[2022.11.06-00.11.02:248][  0]LogConfig: Setting CVar [[r.Shadow.CSM.TransitionScale:0.8]]
[2022.11.06-00.11.02:248][  0]LogConfig: Setting CVar [[r.Shadow.PreShadowResolutionFactor:0.5]]
[2022.11.06-00.11.02:248][  0]LogConfig: Setting CVar [[r.DistanceFieldShadowing:1]]
[2022.11.06-00.11.02:248][  0]LogConfig: Setting CVar [[r.DistanceFieldAO:1]]
[2022.11.06-00.11.02:248][  0]LogConfig: Setting CVar [[r.AOQuality:1]]
[2022.11.06-00.11.02:248][  0]LogConfig: Setting CVar [[r.VolumetricFog:1]]
[2022.11.06-00.11.02:248][  0]LogConfig: Setting CVar [[r.VolumetricFog.GridPixelSize:16]]
[2022.11.06-00.11.02:248][  0]LogConfig: Setting CVar [[r.VolumetricFog.GridSizeZ:64]]
[2022.11.06-00.11.02:248][  0]LogConfig: Setting CVar [[r.VolumetricFog.HistoryMissSupersampleCount:4]]
[2022.11.06-00.11.02:248][  0]LogConfig: Setting CVar [[r.LightMaxDrawDistanceScale:1]]
[2022.11.06-00.11.02:248][  0]LogConfig: Setting CVar [[r.CapsuleShadows:1]]
[2022.11.06-00.11.02:248][  0]LogConfig: Applying CVar settings from Section [PostProcessQuality@2] File [C:/Users/Benny/Documents/GitHub/UnrealBrokenLegs/Platformer/Saved/Config/Windows/Scalability.ini]
[2022.11.06-00.11.02:248][  0]LogConfig: Setting CVar [[r.MotionBlurQuality:3]]
[2022.11.06-00.11.02:248][  0]LogConfig: Setting CVar [[r.AmbientOcclusionMipLevelFactor:0.6]]
[2022.11.06-00.11.02:248][  0]LogConfig: Setting CVar [[r.AmbientOcclusionMaxQuality:100]]
[2022.11.06-00.11.02:248][  0]LogConfig: Setting CVar [[r.AmbientOcclusionLevels:-1]]
[2022.11.06-00.11.02:248][  0]LogConfig: Setting CVar [[r.AmbientOcclusionRadiusScale:1.5]]
[2022.11.06-00.11.02:248][  0]LogConfig: Setting CVar [[r.DepthOfFieldQuality:2]]
[2022.11.06-00.11.02:248][  0]LogConfig: Setting CVar [[r.RenderTargetPoolMin:400]]
[2022.11.06-00.11.02:248][  0]LogConfig: Setting CVar [[r.LensFlareQuality:2]]
[2022.11.06-00.11.02:248][  0]LogConfig: Setting CVar [[r.SceneColorFringeQuality:1]]
[2022.11.06-00.11.02:248][  0]LogConfig: Setting CVar [[r.EyeAdaptationQuality:2]]
[2022.11.06-00.11.02:248][  0]LogConfig: Setting CVar [[r.BloomQuality:5]]
[2022.11.06-00.11.02:248][  0]LogConfig: Setting CVar [[r.FastBlurThreshold:3]]
[2022.11.06-00.11.02:248][  0]LogConfig: Setting CVar [[r.Upscale.Quality:2]]
[2022.11.06-00.11.02:248][  0]LogConfig: Setting CVar [[r.Tonemapper.GrainQuantization:1]]
[2022.11.06-00.11.02:248][  0]LogConfig: Setting CVar [[r.LightShaftQuality:1]]
[2022.11.06-00.11.02:248][  0]LogConfig: Setting CVar [[r.Filter.SizeScale:0.8]]
[2022.11.06-00.11.02:248][  0]LogConfig: Setting CVar [[r.Tonemapper.Quality:5]]
[2022.11.06-00.11.02:248][  0]LogConfig: Setting CVar [[r.DOF.Gather.AccumulatorQuality:0        ; lower gathering accumulator quality]]
[2022.11.06-00.11.02:248][  0]LogConfig: Setting CVar [[r.DOF.Gather.PostfilterMethod:2          ; Max3x3 postfilering method]]
[2022.11.06-00.11.02:248][  0]LogConfig: Setting CVar [[r.DOF.Gather.EnableBokehSettings:0       ; no bokeh simulation when gathering]]
[2022.11.06-00.11.02:248][  0]LogConfig: Setting CVar [[r.DOF.Gather.RingCount:4                 ; medium number of samples when gathering]]
[2022.11.06-00.11.02:248][  0]LogConfig: Setting CVar [[r.DOF.Scatter.ForegroundCompositing:1    ; additive foreground scattering]]
[2022.11.06-00.11.02:248][  0]LogConfig: Setting CVar [[r.DOF.Scatter.BackgroundCompositing:1    ; no background occlusion]]
[2022.11.06-00.11.02:248][  0]LogConfig: Setting CVar [[r.DOF.Scatter.EnableBokehSettings:0      ; no bokeh simulation when scattering]]
[2022.11.06-00.11.02:248][  0]LogConfig: Setting CVar [[r.DOF.Scatter.MaxSpriteRatio:0.04        ; only a maximum of 4% of scattered bokeh]]
[2022.11.06-00.11.02:248][  0]LogConfig: Setting CVar [[r.DOF.Recombine.Quality:0                ; no slight out of focus]]
[2022.11.06-00.11.02:248][  0]LogConfig: Setting CVar [[r.DOF.TemporalAAQuality:0                ; faster temporal accumulation]]
[2022.11.06-00.11.02:248][  0]LogConfig: Setting CVar [[r.DOF.Kernel.MaxForegroundRadius:0.012   ; required because of AccumulatorQuality=0]]
[2022.11.06-00.11.02:248][  0]LogConfig: Setting CVar [[r.DOF.Kernel.MaxBackgroundRadius:0.012   ; required because of AccumulatorQuality=0]]
[2022.11.06-00.11.02:248][  0]LogConfig: Applying CVar settings from Section [TextureQuality@2] File [C:/Users/Benny/Documents/GitHub/UnrealBrokenLegs/Platformer/Saved/Config/Windows/Scalability.ini]
[2022.11.06-00.11.02:248][  0]LogConfig: Setting CVar [[r.Streaming.MipBias:0]]
[2022.11.06-00.11.02:248][  0]LogConfig: Setting CVar [[r.Streaming.AmortizeCPUToGPUCopy:0]]
[2022.11.06-00.11.02:248][  0]LogConfig: Setting CVar [[r.Streaming.MaxNumTexturesToStreamPerFrame:0]]
[2022.11.06-00.11.02:248][  0]LogConfig: Setting CVar [[r.Streaming.Boost:1]]
[2022.11.06-00.11.02:248][  0]LogConfig: Setting CVar [[r.MaxAnisotropy:4]]
[2022.11.06-00.11.02:248][  0]LogConfig: Setting CVar [[r.VT.MaxAnisotropy:8]]
[2022.11.06-00.11.02:248][  0]LogConfig: Setting CVar [[r.Streaming.LimitPoolSizeToVRAM:1]]
[2022.11.06-00.11.02:248][  0]LogConfig: Setting CVar [[r.Streaming.PoolSize:800]]
[2022.11.06-00.11.02:248][  0]LogConfig: Setting CVar [[r.Streaming.MaxEffectiveScreenSize:0]]
[2022.11.06-00.11.02:248][  0]LogConfig: Applying CVar settings from Section [EffectsQuality@2] File [C:/Users/Benny/Documents/GitHub/UnrealBrokenLegs/Platformer/Saved/Config/Windows/Scalability.ini]
[2022.11.06-00.11.02:248][  0]LogConfig: Setting CVar [[r.TranslucencyLightingVolumeDim:48]]
[2022.11.06-00.11.02:248][  0]LogConfig: Setting CVar [[r.RefractionQuality:2]]
[2022.11.06-00.11.02:248][  0]LogConfig: Setting CVar [[r.SSR.Quality:2]]
[2022.11.06-00.11.02:248][  0]LogConfig: Setting CVar [[r.SSR.HalfResSceneColor:1]]
[2022.11.06-00.11.02:248][  0]LogConfig: Setting CVar [[r.SceneColorFormat:3]]
[2022.11.06-00.11.02:248][  0]LogConfig: Setting CVar [[r.DetailMode:1]]
[2022.11.06-00.11.02:248][  0]LogConfig: Setting CVar [[r.TranslucencyVolumeBlur:1]]
[2022.11.06-00.11.02:248][  0]LogConfig: Setting CVar [[r.MaterialQualityLevel:1 ; High quality]]
[2022.11.06-00.11.02:248][  0]LogConfig: Setting CVar [[r.AnisotropicMaterials:1]]
[2022.11.06-00.11.02:248][  0]LogConfig: Setting CVar [[r.SSS.Scale:1]]
[2022.11.06-00.11.02:248][  0]LogConfig: Setting CVar [[r.SSS.SampleSet:1]]
[2022.11.06-00.11.02:248][  0]LogConfig: Setting CVar [[r.SSS.Quality:-1]]
[2022.11.06-00.11.02:248][  0]LogConfig: Setting CVar [[r.SSS.HalfRes:1]]
[2022.11.06-00.11.02:249][  0]LogConfig: Setting CVar [[r.SSGI.Quality:2]]
[2022.11.06-00.11.02:249][  0]LogConfig: Setting CVar [[r.EmitterSpawnRateScale:0.5]]
[2022.11.06-00.11.02:249][  0]LogConfig: Setting CVar [[r.ParticleLightQuality:1]]
[2022.11.06-00.11.02:249][  0]LogConfig: Setting CVar [[r.SkyAtmosphere.AerialPerspectiveLUT.FastApplyOnOpaque:1 ; Always have FastSkyLUT 1 in this case to avoid wrong sky]]
[2022.11.06-00.11.02:249][  0]LogConfig: Setting CVar [[r.SkyAtmosphere.AerialPerspectiveLUT.SampleCountMaxPerSlice:2]]
[2022.11.06-00.11.02:249][  0]LogConfig: Setting CVar [[r.SkyAtmosphere.AerialPerspectiveLUT.DepthResolution:16.0]]
[2022.11.06-00.11.02:249][  0]LogConfig: Setting CVar [[r.SkyAtmosphere.FastSkyLUT:1]]
[2022.11.06-00.11.02:249][  0]LogConfig: Setting CVar [[r.SkyAtmosphere.FastSkyLUT.SampleCountMin:4.0]]
[2022.11.06-00.11.02:249][  0]LogConfig: Setting CVar [[r.SkyAtmosphere.FastSkyLUT.SampleCountMax:64.0]]
[2022.11.06-00.11.02:249][  0]LogConfig: Setting CVar [[r.SkyAtmosphere.SampleCountMin:4.0]]
[2022.11.06-00.11.02:249][  0]LogConfig: Setting CVar [[r.SkyAtmosphere.SampleCountMax:64.0]]
[2022.11.06-00.11.02:249][  0]LogConfig: Setting CVar [[r.SkyAtmosphere.TransmittanceLUT.UseSmallFormat:0]]
[2022.11.06-00.11.02:249][  0]LogConfig: Setting CVar [[r.SkyAtmosphere.TransmittanceLUT.SampleCount:10.0]]
[2022.11.06-00.11.02:249][  0]LogConfig: Setting CVar [[r.SkyAtmosphere.MultiScatteringLUT.SampleCount:15.0]]
[2022.11.06-00.11.02:249][  0]LogConfig: Setting CVar [[r.SkyLight.RealTimeReflectionCapture:1]]
[2022.11.06-00.11.02:249][  0]LogConfig: Applying CVar settings from Section [FoliageQuality@2] File [C:/Users/Benny/Documents/GitHub/UnrealBrokenLegs/Platformer/Saved/Config/Windows/Scalability.ini]
[2022.11.06-00.11.02:249][  0]LogConfig: Setting CVar [[foliage.DensityScale:0.8]]
[2022.11.06-00.11.02:249][  0]LogConfig: Setting CVar [[grass.DensityScale:0.8]]
[2022.11.06-00.11.02:249][  0]LogConfig: Applying CVar settings from Section [ShadingQuality@2] File [C:/Users/Benny/Documents/GitHub/UnrealBrokenLegs/Platformer/Saved/Config/Windows/Scalability.ini]
[2022.11.06-00.11.02:249][  0]LogConfig: Setting CVar [[r.HairStrands.SkyLighting.IntegrationType:2]]
[2022.11.06-00.11.02:249][  0]LogConfig: Setting CVar [[r.HairStrands.SkyAO.SampleCount:4]]
[2022.11.06-00.11.02:249][  0]LogConfig: Setting CVar [[r.HairStrands.Visibility.MSAA.SamplePerPixel:4]]
[2022.11.06-00.11.02:249][  0]LogConfig: Applying CVar settings from Section [Startup] File [../../../Engine/Config/ConsoleVariables.ini]
[2022.11.06-00.11.02:249][  0]LogConfig: Setting CVar [[net.UseAdaptiveNetUpdateFrequency:0]]
[2022.11.06-00.11.02:249][  0]LogConfig: Setting CVar [[p.chaos.AllowCreatePhysxBodies:1]]
[2022.11.06-00.11.02:249][  0]LogConfig: Setting CVar [[fx.SkipVectorVMBackendOptimizations:1]]
[2022.11.06-00.11.02:249][  0]LogConfig: Applying CVar settings from Section [ConsoleVariables] File [C:/Users/Benny/Documents/GitHub/UnrealBrokenLegs/Platformer/Saved/Config/Windows/Engine.ini]
[2022.11.06-00.11.02:249][  0]LogConfig: Applying CVar settings from Section [ConsoleVariables] File [C:/Users/Benny/Documents/GitHub/UnrealBrokenLegs/Platformer/Saved/Config/Windows/Editor.ini]
[2022.11.06-00.11.02:250][  0]LogInit: Computer: DESKTOP-C13FAE9
[2022.11.06-00.11.02:250][  0]LogInit: User: Benny
[2022.11.06-00.11.02:250][  0]LogInit: CPU Page size=4096, Cores=4
[2022.11.06-00.11.02:250][  0]LogInit: High frequency timer resolution =10.000000 MHz
[2022.11.06-00.11.02:250][  0]LogMemory: Memory total: Physical=16.0GB (16GB approx)
[2022.11.06-00.11.02:250][  0]LogMemory: Platform Memory Stats for Windows
[2022.11.06-00.11.02:250][  0]LogMemory: Process Physical Memory: 142.84 MB used, 142.84 MB peak
[2022.11.06-00.11.02:250][  0]LogMemory: Process Virtual Memory: 127.26 MB used, 127.26 MB peak
[2022.11.06-00.11.02:250][  0]LogMemory: Physical Memory: 8008.57 MB used,  8324.36 MB free, 16332.93 MB total
[2022.11.06-00.11.02:250][  0]LogMemory: Virtual Memory: 134201784.00 MB used,  15942.36 MB free, 134217728.00 MB total
[2022.11.06-00.11.02:256][  0]LogWindows: WindowsPlatformFeatures enabled
[2022.11.06-00.11.02:312][  0]LogInit: Physics initialised using underlying interface: PhysX
[2022.11.06-00.11.02:313][  0]LogInit: Using OS detected language (en-US).
[2022.11.06-00.11.02:313][  0]LogInit: Using OS detected locale (en-US).
[2022.11.06-00.11.02:316][  0]LogTextLocalizationManager: No specific localization for 'en-US' exists, so the 'en' localization will be used.
[2022.11.06-00.11.02:592][  0]LogInit: Setting process to per monitor DPI aware
[2022.11.06-00.11.02:605][  0]LogWindowsTextInputMethodSystem: Display: IME system deactivated.
[2022.11.06-00.11.02:626][  0]LogSlate: New Slate User Created.  User Index 0, Is Virtual User: 0
[2022.11.06-00.11.02:626][  0]LogSlate: Slate User Registered.  User Index 0, Is Virtual User: 0
[2022.11.06-00.11.02:953][  0]LogD3D11RHI: Loaded GFSDK_Aftermath_Lib.x64.dll
[2022.11.06-00.11.02:957][  0]LogHMD: Failed to initialize OpenVR with code 110
[2022.11.06-00.11.02:957][  0]LogD3D11RHI: D3D11 min allowed feature level: 11_0
[2022.11.06-00.11.02:957][  0]LogD3D11RHI: D3D11 max allowed feature level: 11_0
[2022.11.06-00.11.02:957][  0]LogD3D11RHI: D3D11 adapters:
[2022.11.06-00.11.03:088][  0]LogD3D11RHI:    0. 'NVIDIA GeForce GTX 770' (Feature Level 11_0)
[2022.11.06-00.11.03:088][  0]LogD3D11RHI:       2007/0/8166 MB DedicatedVideo/DedicatedSystem/SharedSystem, Outputs:2, VendorId:0x10de
[2022.11.06-00.11.03:091][  0]LogD3D11RHI:    1. 'Microsoft Basic Render Driver' (Feature Level 11_0)
[2022.11.06-00.11.03:091][  0]LogD3D11RHI:       0/0/8166 MB DedicatedVideo/DedicatedSystem/SharedSystem, Outputs:0, VendorId:0x1414
[2022.11.06-00.11.03:091][  0]LogD3D11RHI: Chosen D3D11 Adapter:
[2022.11.06-00.11.03:091][  0]LogD3D11RHI:     Description : NVIDIA GeForce GTX 770
[2022.11.06-00.11.03:091][  0]LogD3D11RHI:     VendorId    : 10de
[2022.11.06-00.11.03:091][  0]LogD3D11RHI:     DeviceId    : 1184
[2022.11.06-00.11.03:091][  0]LogD3D11RHI:     SubSysId    : 27743842
[2022.11.06-00.11.03:091][  0]LogD3D11RHI:     Revision    : 00a1
[2022.11.06-00.11.03:091][  0]LogD3D11RHI:     DedicatedVideoMemory : 2104688640 bytes
[2022.11.06-00.11.03:091][  0]LogD3D11RHI:     DedicatedSystemMemory : 0 bytes
[2022.11.06-00.11.03:091][  0]LogD3D11RHI:     SharedSystemMemory : 8563161088 bytes
[2022.11.06-00.11.03:091][  0]LogD3D11RHI:     AdapterLuid : 0 60584
[2022.11.06-00.11.03:099][  0]LogD3D11RHI: Creating new Direct3DDevice
[2022.11.06-00.11.03:099][  0]LogD3D11RHI:     GPU DeviceId: 0x1184 (for the marketing name, search the web for "GPU Device Id")
[2022.11.06-00.11.03:099][  0]LogWindows: EnumDisplayDevices:
[2022.11.06-00.11.03:099][  0]LogWindows:    0. 'NVIDIA GeForce GTX 770' (P:1 D:1)
[2022.11.06-00.11.03:099][  0]LogWindows:    1. 'NVIDIA GeForce GTX 770' (P:0 D:1)
[2022.11.06-00.11.03:100][  0]LogWindows:    2. 'NVIDIA GeForce GTX 770' (P:0 D:0)
[2022.11.06-00.11.03:100][  0]LogWindows:    3. 'NVIDIA GeForce GTX 770' (P:0 D:0)
[2022.11.06-00.11.03:100][  0]LogWindows: DebugString: FoundDriverCount:4 
[2022.11.06-00.11.03:100][  0]LogD3D11RHI:     Adapter Name: NVIDIA GeForce GTX 770
[2022.11.06-00.11.03:100][  0]LogD3D11RHI:   Driver Version: 473.47 (internal:30.0.14.7347, unified:473.47)
[2022.11.06-00.11.03:100][  0]LogD3D11RHI:      Driver Date: 4-27-2022
[2022.11.06-00.11.03:100][  0]LogRHI: Texture pool is 1405 MB (70% of 2007 MB)
[2022.11.06-00.11.03:100][  0]LogD3D11RHI: Creating D3DDevice using adapter:
[2022.11.06-00.11.03:101][  0]LogD3D11RHI:     Description : NVIDIA GeForce GTX 770
[2022.11.06-00.11.03:101][  0]LogD3D11RHI:     VendorId    : 10de
[2022.11.06-00.11.03:101][  0]LogD3D11RHI:     DeviceId    : 1184
[2022.11.06-00.11.03:101][  0]LogD3D11RHI:     SubSysId    : 27743842
[2022.11.06-00.11.03:101][  0]LogD3D11RHI:     Revision    : 00a1
[2022.11.06-00.11.03:101][  0]LogD3D11RHI:     DedicatedVideoMemory : 2104688640 bytes
[2022.11.06-00.11.03:101][  0]LogD3D11RHI:     DedicatedSystemMemory : 0 bytes
[2022.11.06-00.11.03:101][  0]LogD3D11RHI:     SharedSystemMemory : 8563161088 bytes
[2022.11.06-00.11.03:101][  0]LogD3D11RHI:     AdapterLuid : 0 60584
[2022.11.06-00.11.03:202][  0]LogD3D11RHI: RHI does not have support for 64 bit atomics
[2022.11.06-00.11.03:202][  0]LogD3D11RHI: Async texture creation enabled
[2022.11.06-00.11.03:253][  0]LogD3D11RHI: GPU Timing Frequency: 1000.000000 (Debug: 2 1)
[2022.11.06-00.11.03:293][  0]LogRHI: GeForceNow SDK initialized: 1
[2022.11.06-00.11.03:693][  0]LogTargetPlatformManager: Display: Loaded TargetPlatform 'AllDesktop'
[2022.11.06-00.11.03:723][  0]LogTargetPlatformManager: Display: Loaded TargetPlatform 'Android'
[2022.11.06-00.11.03:724][  0]LogTargetPlatformManager: Display: Loaded TargetPlatform 'Android_ASTC'
[2022.11.06-00.11.03:724][  0]LogTargetPlatformManager: Display: Loaded TargetPlatform 'Android_DXT'
[2022.11.06-00.11.03:724][  0]LogTargetPlatformManager: Display: Loaded TargetPlatform 'Android_ETC2'
[2022.11.06-00.11.03:724][  0]LogTargetPlatformManager: Display: Loaded TargetPlatform 'AndroidClient'
[2022.11.06-00.11.03:724][  0]LogTargetPlatformManager: Display: Loaded TargetPlatform 'Android_ASTCClient'
[2022.11.06-00.11.03:724][  0]LogTargetPlatformManager: Display: Loaded TargetPlatform 'Android_DXTClient'
[2022.11.06-00.11.03:724][  0]LogTargetPlatformManager: Display: Loaded TargetPlatform 'Android_ETC2Client'
[2022.11.06-00.11.03:724][  0]LogTargetPlatformManager: Display: Loaded TargetPlatform 'Android_Multi'
[2022.11.06-00.11.03:724][  0]LogTargetPlatformManager: Display: Loaded TargetPlatform 'Android_MultiClient'
[2022.11.06-00.11.03:748][  0]LogTargetPlatformManager: Display: Loaded TargetPlatform 'IOSClient'
[2022.11.06-00.11.03:748][  0]LogTargetPlatformManager: Display: Loaded TargetPlatform 'IOS'
[2022.11.06-00.11.03:761][  0]LogTargetPlatformManager: Display: Loaded TargetPlatform 'Linux'
[2022.11.06-00.11.03:767][  0]LogTargetPlatformManager: Display: Loaded TargetPlatform 'LinuxNoEditor'
[2022.11.06-00.11.03:774][  0]LogTargetPlatformManager: Display: Loaded TargetPlatform 'LinuxClient'
[2022.11.06-00.11.03:780][  0]LogTargetPlatformManager: Display: Loaded TargetPlatform 'LinuxServer'
[2022.11.06-00.11.03:794][  0]LogTargetPlatformManager: Display: Loaded TargetPlatform 'LinuxAArch64NoEditor'
[2022.11.06-00.11.03:800][  0]LogTargetPlatformManager: Display: Loaded TargetPlatform 'LinuxAArch64Client'
[2022.11.06-00.11.03:806][  0]LogTargetPlatformManager: Display: Loaded TargetPlatform 'LinuxAArch64Server'
[2022.11.06-00.11.03:844][  0]LogTargetPlatformManager: Display: Loaded TargetPlatform 'Lumin'
[2022.11.06-00.11.03:845][  0]LogTargetPlatformManager: Display: Loaded TargetPlatform 'LuminClient'
[2022.11.06-00.11.03:857][  0]LogTargetPlatformManager: Display: Loaded TargetPlatform 'MacNoEditor'
[2022.11.06-00.11.03:863][  0]LogTargetPlatformManager: Display: Loaded TargetPlatform 'Mac'
[2022.11.06-00.11.03:869][  0]LogTargetPlatformManager: Display: Loaded TargetPlatform 'MacClient'
[2022.11.06-00.11.03:875][  0]LogTargetPlatformManager: Display: Loaded TargetPlatform 'MacServer'
[2022.11.06-00.11.03:889][  0]LogTargetPlatformManager: Display: Loaded TargetPlatform 'TVOSClient'
[2022.11.06-00.11.03:889][  0]LogTargetPlatformManager: Display: Loaded TargetPlatform 'TVOS'
[2022.11.06-00.11.03:902][  0]LogTargetPlatformManager: Display: Loaded TargetPlatform 'WindowsNoEditor'
[2022.11.06-00.11.03:909][  0]LogTargetPlatformManager: Display: Loaded TargetPlatform 'Windows'
[2022.11.06-00.11.03:915][  0]LogTargetPlatformManager: Display: Loaded TargetPlatform 'WindowsClient'
[2022.11.06-00.11.03:921][  0]LogTargetPlatformManager: Display: Loaded TargetPlatform 'WindowsServer'
[2022.11.06-00.11.03:921][  0]LogTargetPlatformManager: Display: Building Assets For Windows
[2022.11.06-00.11.03:933][  0]LogAudioDebug: Display: Lib vorbis DLL was dynamically loaded.
[2022.11.06-00.11.03:976][  0]LogTextureFormatOodle: Display: Oodle Texture 2.9.0 init RDO Off
[2022.11.06-00.11.04:020][  0]LogRendererCore: Ray tracing is disabled. Reason: r.RayTracing=0.
[2022.11.06-00.11.04:020][  0]LogShaderCompilers: Guid format shader working directory is -13 characters bigger than the processId version (C:/Users/Benny/Documents/GitHub/UnrealBrokenLegs/Platformer/Intermediate/Shaders/WorkingDirectory/8808/).
[2022.11.06-00.11.04:020][  0]LogShaderCompilers: Cleaned the shader compiler working directory 'C:/Users/Benny/AppData/Local/Temp/UnrealShaderWorkingDir/651B21BC445DFF58A958AE95B33D4DD3/'.
[2022.11.06-00.11.04:020][  0]LogXGEController: Cannot use XGE Controller as Incredibuild is not installed on this machine.
[2022.11.06-00.11.04:020][  0]LogShaderCompilers: Cannot use XGE Shader Compiler as Incredibuild is not installed on this machine.
[2022.11.06-00.11.04:020][  0]LogShaderCompilers: Display: Using Local Shader Compiler.
[2022.11.06-00.11.05:090][  0]LogDerivedDataCache: Display: Max Cache Size: 512 MB
[2022.11.06-00.11.05:162][  0]LogDerivedDataCache: Loaded boot cache 0.07s 97MB C:/Users/Benny/AppData/Local/UnrealEngine/4.27/DerivedDataCache/Boot.ddc.
[2022.11.06-00.11.05:162][  0]LogDerivedDataCache: Display: Loaded Boot cache: C:/Users/Benny/AppData/Local/UnrealEngine/4.27/DerivedDataCache/Boot.ddc
[2022.11.06-00.11.05:162][  0]LogDerivedDataCache: FDerivedDataBackendGraph:  Pak pak cache file C:/Users/Benny/Documents/GitHub/UnrealBrokenLegs/Platformer/DerivedDataCache/DDC.ddp not found, will not use a pak cache.
[2022.11.06-00.11.05:162][  0]LogDerivedDataCache: Unable to find inner node Pak for hierarchical cache Hierarchy.
[2022.11.06-00.11.05:162][  0]LogDerivedDataCache: FDerivedDataBackendGraph:  CompressedPak pak cache file C:/Users/Benny/Documents/GitHub/UnrealBrokenLegs/Platformer/DerivedDataCache/Compressed.ddp not found, will not use a pak cache.
[2022.11.06-00.11.05:162][  0]LogDerivedDataCache: Unable to find inner node CompressedPak for hierarchical cache Hierarchy.
[2022.11.06-00.11.05:186][  0]LogDerivedDataCache: Display: Pak cache opened for reading ../../../Engine/DerivedDataCache/Compressed.ddp.
[2022.11.06-00.11.05:186][  0]LogDerivedDataCache: FDerivedDataBackendGraph:  EnterprisePak pak cache file ../../../Enterprise/DerivedDataCache/Compressed.ddp not found, will not use a pak cache.
[2022.11.06-00.11.05:186][  0]LogDerivedDataCache: Unable to find inner node EnterprisePak for hierarchical cache Hierarchy.
[2022.11.06-00.11.05:199][  0]LogDerivedDataCache: Speed tests for C:/Users/Benny/AppData/Local/UnrealEngine/Common/DerivedDataCache took 0.01 seconds
[2022.11.06-00.11.05:199][  0]LogDerivedDataCache: Display: Performance to C:/Users/Benny/AppData/Local/UnrealEngine/Common/DerivedDataCache: Latency=0.06ms. RandomReadSpeed=699.75MBs, RandomWriteSpeed=90.10MBs. Assigned SpeedClass 'Local'
[2022.11.06-00.11.05:200][  0]LogDerivedDataCache: Using Local data cache path C:/Users/Benny/AppData/Local/UnrealEngine/Common/DerivedDataCache: Writable
[2022.11.06-00.11.05:200][  0]LogDerivedDataCache: Shared data cache path not found in *engine.ini, will not use an Shared cache.
[2022.11.06-00.11.05:200][  0]LogDerivedDataCache: Unable to find inner node Shared for hierarchical cache Hierarchy.
[2022.11.06-00.11.05:263][  0]LogSlate: Using FreeType 2.10.0
[2022.11.06-00.11.05:263][  0]LogSlate: SlateFontServices - WITH_FREETYPE: 1, WITH_HARFBUZZ: 1
[2022.11.06-00.11.05:302][  0]LogAssetRegistry: FAssetRegistry took 0.0037 seconds to start up
[2022.11.06-00.11.05:640][  0]LogInit: Selected Device Profile: [Windows]
[2022.11.06-00.11.05:641][  0]LogInit: Active device profile: [000001F487380900][000001F4FF00BB00 49] Windows
[2022.11.06-00.11.05:641][  0]LogInit: Profiles: [000001F487380900][000001F4FF00BB00 49] Windows, [000001F487353800][000001F4858EE100 49] WindowsNoEditor, [000001F487383500][000001F48129A280 49] WindowsServer, [000001F487350E00][000001F48129E400 49] WindowsClient, [000001F487383800][000001F48801E580 49] IOS, [000001F487352800][000001F488022700 49] iPadAir, [000001F487382000][000001F488026880 49] iPadAir2, [000001F4872F0A00][000001F485C0EB40 49] IPadPro, [000001F4872F0B00][000001F48802AB80 49] iPadAir3, [000001F487351700][000001F4858EACC0 49] iPadAir4, [000001F4872F3400][000001F485C12E00 49] iPadMini2, [000001F487352A00][000001F485C16F40 49] iPadMini3, [000001F4872F1700][000001F4FF5FD0C0 49] iPadMini4, [000001F487380F00][000001F4FF601240 49] iPadMini5, [000001F487328300][000001F4FF609500 49] iPhone6, [000001F487328400][000001F4FF605540 49] iPodTouch6, [000001F4872F3600][000001F4FF611800 49] iPhone7, [000001F4872F1800][000001F4FF60D840 49] iPodTouch7, [000001F48732BF00][000001F4FF6159C0 49] iPhone5S, [000001F487352300][000001F4FF619B40 49] iPhone6Plus, [000001F4872F0200][000001F4FF61C140 49] iPhone6S, [000001F487352200][000001F4FF6202C0 49] iPhone6SPlus, [000001F4872F3C00][000001F481684440 49] iPhone7Plus, [000001F487353D00][000001F4816885C0 49] iPhoneSE, [000001F4872F3500][000001F48168C740 49] iPhone8, [000001F487351E00][000001F4816908C0 49] iPhone8Plus, [000001F4872F2600][000001F481694A40 49] iPhoneX, [000001F487352500][000001F481698BC0 49] iPhoneXS, [000001F4872F2000][000001F48169CD40 49] iPhoneXSMax, [000001F487353A00][000001F485C1AE80 49] iPhoneXR, [000001F4872F3700][000001F4816A0FC0 49] iPhone11, [000001F487350D00][000001F4816A5100 49] iPhone11Pro, [000001F4872F3800][000001F4816AD280 49] iPhone11ProMax, [000001F487350F00][000001F4816B1400 49] iPhoneSE2, [000001F4872F2E00][000001F4816B5580 49] iPhone12Mini, [000001F487352700][000001F4816B9700 49] iPhone12, [000001F4872F1100][000001F4816BD880 49] iPhone12Pro, [000001F487353600][000001F4816C1A00 49] iPhone12ProMax, [000001F4872F2300][000001F4816C5B80 49] iPadPro105, [000001F487350C00][000001F4816C8180 49] iPadPro129, [000001F4872F3300][000001F4816CC300 49] iPadPro97, [000001F487351F00][000001F4816D0480 49] iPadPro2_129, [000001F4872F1400][000001F488044600 49] iPad5, [000001F487353400][000001F488048780 49] iPad6, [000001F4872F3100][000001F488152900 49] iPad7, [000001F487351A00][000001F488218A80 49] iPad8, [000001F4872F2800][000001F485B48C00 49] iPadPro11, [000001F487351B00][000001F485B4CD80 49] iPadPro2_11, [000001F4872F1B00][000001F485B54F00 49] iPadPro3_129, [000001F487353900][000001F4816A9040 49] iPadPro4_129, [000001F4872F1500][000001F485B61180 49] AppleTV, [000001F487352000][000001F485B692C0 49] AppleTV4K, [000001F4872F0100][000001F485B71440 49] TVOS, [000001F487352600][000001F485B9B5C0 49] Mac, [000001F4872F2700][000001F485BA7740 49] MacClient, [000001F487352F00][000001F487D598C0 49] MacNoEditor, [000001F4872F3900][000001F488401A40 49] MacServer, [000001F487353500][000001F488405BC0 49] Linux, [000001F4872F2200][000001F4884081C0 49] LinuxAArch64, [000001F487350B00][000001F48840C340 49] LinuxNoEditor, [000001F4872F3B00][000001F4884304C0 49] LinuxAArch64NoEditor, [000001F487350100][000001F488434640 49] LinuxClient, [000001F4872F1D00][000001F4884387C0 49] LinuxAArch64Client, [000001F487351600][000001F48843C940 49] LinuxServer, [000001F4872F2100][000001F489050AC0 49] LinuxAArch64Server, [000001F487351300][000001F489054C40 49] Android, [000001F4872F0500][000001F4FF5F2DC0 49] Android_Low, [000001F487352B00][000001F4FF5F6F40 49] Android_Mid, [000001F487383A00][000001F4890590C0 49] Android_High, [000001F487329C00][000001F485B6D200 49] Android_Default, [000001F487382100][000001F488215340 49] Android_Adreno4xx, [000001F48732A700][000001F489065480 49] Android_Adreno5xx_Low, [000001F487380B00][000001F4890695C0 49] Android_Adreno5xx, [000001F48732AD00][000001F488D4F740 49] Android_Adreno6xx, [000001F487381200][000001F4883318C0 49] Android_Adreno6xx_Vulkan, [000001F48732A800][000001F488335A40 49] Android_Mali_T6xx, [000001F487383200][000001F488343BC0 49] Android_Mali_T7xx, [000001F48732AE00][000001F4883821C0 49] Android_Mali_T8xx, [000001F487382500][000001F488392340 49] Android_Mali_G71, [000001F48732BE00][000001F4883964C0 49] Android_Mali_G72, [000001F487382A00][000001F4883A4640 49] Android_Mali_G72_Vulkan, [000001F487329B00][000001F4883A87C0 49] Android_Mali_G76, [000001F487381D00][000001F4883AC940 49] Android_Mali_G76_Vulkan, [000001F48732B000][000001F4883B0AC0 49] Android_Mali_G77, [000001F487382D00][000001F4883B4C40 49] Android_Mali_G77_Vulkan, [000001F48732BA00][000001F4883B8DC0 49] Android_Mali_G78, [000001F487380D00][000001F4883BCF40 49] Android_Mali_G78_Vulkan, [000001F487328500][000001F4883C10C0 49] Android_Mali_G710, [000001F487381300][000001F4883C5240 49] Android_Mali_G710_Vulkan, [000001F48732B500][000001F488D4B380 49] Android_Vulkan_SM5, [000001F487383300][000001F4883C94C0 49] Android_PowerVR_G6xxx, [000001F48732AC00][000001F4883CD600 49] Android_PowerVR_GT7xxx, [000001F487383C00][000001F4883D1740 49] Android_PowerVR_GE8xxx, [000001F487329200][000001F4FF5BF8C0 49] Android_PowerVR_GM9xxx, [000001F487383000][000001F488C2FA40 49] Android_PowerVR_GM9xxx_Vulkan, [000001F48732A900][000001F488C47BC0 49] Android_TegraK1, [000001F487381100][000001F488C521C0 49] Android_Unknown_Vulkan, [000001F487350600][000001F488C56340 49] Lumin, [000001F487382900][000001F488C5A4C0 49] Lumin_Desktop, [000001F487351200][000001F48901A640 49] HoloLens, 
[2022.11.06-00.11.05:809][  0]LogMeshReduction: Using QuadricMeshReduction for automatic static mesh reduction
[2022.11.06-00.11.05:809][  0]LogMeshReduction: Using SimplygonMeshReduction for automatic skeletal mesh reduction
[2022.11.06-00.11.05:809][  0]LogMeshReduction: Using ProxyLODMeshReduction for automatic mesh merging
[2022.11.06-00.11.05:809][  0]LogMeshReduction: No distributed automatic mesh merging module available
[2022.11.06-00.11.05:809][  0]LogMeshMerging: No distributed automatic mesh merging module available
[2022.11.06-00.11.05:837][  0]LogNetVersion: Platformer 1.0.0, NetCL: 17155196, EngineNetVer: 17, GameNetVer: 0 (Checksum: 2425206388)
[2022.11.06-00.11.06:463][  0]LogTexture: Default maximum texture size for cubemaps generated from long-lat sources has been changed from 512 to unlimited. In order to preserve old behaiour for '/Engine/MapTemplates/Sky/DaylightAmbientCubemap.DaylightAmbientCubemap', its maximum texture size has been explicitly set to 512.
[2022.11.06-00.11.06:541][  0]LogHMD: PokeAHoleMaterial loaded successfully
[2022.11.06-00.11.06:548][  0]LogUObjectArray: 17178 objects as part of root set at end of initial load.
[2022.11.06-00.11.06:548][  0]LogUObjectAllocator: 4302048 out of 0 bytes used by permanent object pool.
[2022.11.06-00.11.06:548][  0]LogUObjectArray: CloseDisregardForGC: 0/0 objects in disregard for GC pool
[2022.11.06-00.11.06:965][  0]LogPython: Using Python 3.7.7
[2022.11.06-00.11.07:709][  0]LogNiagaraDebuggerClient: Niagara Debugger Client Initialized | Session: 3DFABC4F4F37B0AB925930A2FA4D54B8 | Instance: 7957DFDF4F85D5297CCEF29119976A57 (DESKTOP-C13FAE9-8808).
[2022.11.06-00.11.07:931][  0]LogTcpMessaging: Initializing TcpMessaging bridge
[2022.11.06-00.11.07:937][  0]LogUdpMessaging: Initializing bridge on interface 0.0.0.0:0 to multicast group 230.0.0.1:6666.
[2022.11.06-00.11.08:140][  0]SourceControl: Source control is disabled
[2022.11.06-00.11.08:140][  0]SourceControl: Source control is disabled
[2022.11.06-00.11.08:144][  0]SourceControl: Source control is disabled
[2022.11.06-00.11.08:152][  0]SourceControl: Source control is disabled
[2022.11.06-00.11.08:156][  0]SourceControl: Source control is disabled
[2022.11.06-00.11.08:165][  0]LogUProjectInfo: Found projects:
[2022.11.06-00.11.08:448][  0]LogOpenImageDenoise: OIDN starting up
[2022.11.06-00.11.08:573][  0]LogAndroidPermission: UAndroidPermissionCallbackProxy::GetInstance
[2022.11.06-00.11.08:617][  0]LogAudioCaptureCore: Display: No Audio Capture implementations found. Audio input will be silent.
[2022.11.06-00.11.08:617][  0]LogAudioCaptureCore: Display: No Audio Capture implementations found. Audio input will be silent.
[2022.11.06-00.11.08:781][  0]LogCollectionManager: Loaded 0 collections in 0.001084 seconds
[2022.11.06-00.11.08:819][  0]LogFileCache: Scanning file cache for directory 'C:/Users/Benny/Documents/GitHub/UnrealBrokenLegs/Platformer/Saved/Collections/' took 0.00s
[2022.11.06-00.11.08:819][  0]LogFileCache: Scanning file cache for directory 'C:/Users/Benny/Documents/GitHub/UnrealBrokenLegs/Platformer/Content/Developers/Benny/Collections/' took 0.00s
[2022.11.06-00.11.08:819][  0]LogFileCache: Scanning file cache for directory 'C:/Users/Benny/Documents/GitHub/UnrealBrokenLegs/Platformer/Content/Collections/' took 0.00s
[2022.11.06-00.11.08:819][  0]LogOcInput: OculusInput pre-init called
[2022.11.06-00.11.09:745][  0]LogClass: Display: ByteProperty FALoadingScreenSettings::PlaybackType is not initialized properly. Module:AsyncLoadingScreen File:Public/LoadingScreenSettings.h
[2022.11.06-00.11.09:745][  0]LogClass: Display: StructProperty FTextAppearance::ShadowOffset is not initialized properly. Module:AsyncLoadingScreen File:Public/LoadingScreenSettings.h
[2022.11.06-00.11.09:745][  0]LogClass: Display: StructProperty FTextAppearance::ShadowColorAndOpacity is not initialized properly. Module:AsyncLoadingScreen File:Public/LoadingScreenSettings.h
[2022.11.06-00.11.09:745][  0]LogClass: Display: ByteProperty FTextAppearance::Justification is not initialized properly. Module:AsyncLoadingScreen File:Public/LoadingScreenSettings.h
[2022.11.06-00.11.09:745][  0]LogClass: Display: FloatProperty FTipSettings::TipWrapAt is not initialized properly. Module:AsyncLoadingScreen File:Public/LoadingScreenSettings.h
[2022.11.06-00.11.09:748][  0]LogClass: Display: Int8Property FMTSJson::version is not initialized properly. Module:MegascansPlugin File:Private/Utilities/MTSReader.h
[2022.11.06-00.11.09:748][  0]LogClass: Display: Int16Property FMTSJson::resolutionValue is not initialized properly. Module:MegascansPlugin File:Private/Utilities/MTSReader.h
[2022.11.06-00.11.09:748][  0]LogClass: Display: BoolProperty FMTSJson::isExternal is not initialized properly. Module:MegascansPlugin File:Private/Utilities/MTSReader.h
[2022.11.06-00.11.09:748][  0]LogClass: Display: Int8Property FMTSJson::meshVersion is not initialized properly. Module:MegascansPlugin File:Private/Utilities/MTSReader.h
[2022.11.06-00.11.09:748][  0]LogClass: Display: BoolProperty FMTSJson::isCustom is not initialized properly. Module:MegascansPlugin File:Private/Utilities/MTSReader.h
[2022.11.06-00.11.09:748][  0]LogClass: Display: BoolProperty FMTSJson::isModularAsset is not initialized properly. Module:MegascansPlugin File:Private/Utilities/MTSReader.h
[2022.11.06-00.11.09:748][  0]LogClass: Display: Int8Property FLodList::variation is not initialized properly. Module:MegascansPlugin File:Private/Utilities/MTSReader.h
[2022.11.06-00.11.09:748][  0]LogClass: Display: Int16Property FMeshList::resolution is not initialized properly. Module:MegascansPlugin File:Private/Utilities/MTSReader.h
[2022.11.06-00.11.09:748][  0]LogClass: Display: Int16Property FComponents::resolution is not initialized properly. Module:MegascansPlugin File:Private/Utilities/MTSReader.h
[2022.11.06-00.11.09:748][  0]LogClass: Display: BoolProperty FTextureSets::isUdim is not initialized properly. Module:MegascansPlugin File:Private/Utilities/MTSReader.h
[2022.11.06-00.11.09:748][  0]LogClass: Display: BoolProperty FMeta::value is not initialized properly. Module:MegascansPlugin File:Private/Utilities/MTSReader.h
[2022.11.06-00.11.09:748][  0]LogClass: Display: 16 Uninitialized script struct members found including 0 object properties
[2022.11.06-00.11.09:749][  0]LogEngine: Initializing Engine...
[2022.11.06-00.11.09:753][  0]LogHMD: Failed to enumerate extensions. Please check that you have a valid OpenXR runtime installed.
[2022.11.06-00.11.09:753][  0]LogHMD: Failed to initialize OpenVR with code 110
[2022.11.06-00.11.09:753][  0]LogMagicLeap: Warning: VR disabled because ZI is not enabled.  To enable, in the editor, Edit -> Project Settings -> Plugins -> Magic Leap Plugin -> Enable Zero Iteration
[2022.11.06-00.11.09:754][  0]LogStats: UGameplayTagsManager::InitializeManager -  0.000 s
[2022.11.06-00.11.09:947][  0]LogInit: Initializing FReadOnlyCVARCache
[2022.11.06-00.11.09:958][  0]LogAIModule: Creating AISystem for world Untitled
[2022.11.06-00.11.09:959][  0]LogAudio: Display: Initializing Audio Device Manager...
[2022.11.06-00.11.09:964][  0]LogAudio: Display: Loading Default Audio Settings Objects...
[2022.11.06-00.11.09:965][  0]LogAudio: Display: No default SoundConcurrencyObject specified (or failed to load).
[2022.11.06-00.11.09:965][  0]LogAudio: Display: Audio Device Manager Initialized
[2022.11.06-00.11.09:965][  0]LogAudio: Display: Creating Audio Device:                 Id: 1, Scope: Shared, Realtime: True
[2022.11.06-00.11.09:965][  0]LogAudioMixer: Display: Audio Mixer Platform Settings:
[2022.11.06-00.11.09:965][  0]LogAudioMixer: Display: 	Sample Rate:						  48000
[2022.11.06-00.11.09:965][  0]LogAudioMixer: Display: 	Callback Buffer Frame Size Requested: 1024
[2022.11.06-00.11.09:965][  0]LogAudioMixer: Display: 	Callback Buffer Frame Size To Use:	  1024
[2022.11.06-00.11.09:965][  0]LogAudioMixer: Display: 	Number of buffers to queue:			  2
[2022.11.06-00.11.09:965][  0]LogAudioMixer: Display: 	Max Channels (voices):				  32
[2022.11.06-00.11.09:965][  0]LogAudioMixer: Display: 	Number of Async Source Workers:		  0
[2022.11.06-00.11.09:965][  0]LogAudio: Display: AudioDevice MaxSources: 32
[2022.11.06-00.11.09:966][  0]LogAudio: Display: Audio Spatialization Plugin: None (built-in).
[2022.11.06-00.11.09:966][  0]LogAudio: Display: Audio Reverb Plugin: None (built-in).
[2022.11.06-00.11.09:966][  0]LogAudio: Display: Audio Occlusion Plugin: None (built-in).
[2022.11.06-00.11.09:966][  0]LogAudioMixer: Display: Initializing audio mixer.
[2022.11.06-00.11.09:982][  0]LogAudioMixer: Display: 0: FrontLeft
[2022.11.06-00.11.09:982][  0]LogAudioMixer: Display: 1: FrontRight
[2022.11.06-00.11.10:003][  0]LogAudioMixer: Display: Using Audio Device Speakers (Mpow HC)
[2022.11.06-00.11.10:004][  0]LogAudioMixer: Display: Initializing Sound Submixes...
[2022.11.06-00.11.10:008][  0]LogAudioMixer: Display: Creating Master Submix 'MasterSubmixDefault'
[2022.11.06-00.11.10:008][  0]LogAudioMixer: Display: Creating Master Submix 'MasterReverbSubmixDefault'
[2022.11.06-00.11.10:009][  0]LogAudioMixer: Display: Creating Master Submix 'MasterEQSubmixDefault'
[2022.11.06-00.11.10:009][  0]LogAudioMixer: FMixerPlatformXAudio2::StartAudioStream() called
[2022.11.06-00.11.10:009][  0]LogAudioMixer: Display: Output buffers initialized: Frames=1024, Channels=2, Samples=2048
[2022.11.06-00.11.10:011][  0]LogAudioMixer: Display: Starting AudioMixerPlatformInterface::RunInternal()
[2022.11.06-00.11.10:011][  0]LogAudioMixer: Display: FMixerPlatformXAudio2::SubmitBuffer() called for the first time
[2022.11.06-00.11.10:011][  0]LogInit: FAudioDevice initialized.
[2022.11.06-00.11.10:011][  0]LogAudio: Display: Audio Device (ID: 1) registered with world 'Untitled'.
[2022.11.06-00.11.10:011][  0]LogNetVersion: Set ProjectVersion to 1.0.0.0. Version Checksum will be recalculated on next use.
[2022.11.06-00.11.10:118][  0]LogDerivedDataCache: Saved boot cache 0.11s 94MB C:/Users/Benny/AppData/Local/UnrealEngine/4.27/DerivedDataCache/Boot.ddc.
[2022.11.06-00.11.10:122][  0]LogInit: Texture streaming: Enabled
[2022.11.06-00.11.10:139][  0]LogAnalytics: Display: [UEEditor.Rocket.Release] APIServer = https://datarouter.ol.epicgames.com/. AppVersion = 4.27.2-18319896+++UE4+Release-4.27
[2022.11.06-00.11.10:143][  0]LogEngineSessionManager: EngineSessionManager initialized
[2022.11.06-00.11.10:144][  0]LogEditorSessionSummary: Verbose: Initializing EditorSessionSummaryWriter for editor session tracking
[2022.11.06-00.11.10:145][  0]LogEditorSessionSummary: EditorSessionSummaryWriter initialized
[2022.11.06-00.11.10:184][  0]LogInit: Transaction tracking system initialized
[2022.11.06-00.11.10:214][  0]BlueprintLog: New page: Editor Load
[2022.11.06-00.11.10:296][  0]LocalizationService: Localization service is disabled
[2022.11.06-00.11.10:328][  0]TimingProfiler: Initialize
[2022.11.06-00.11.10:328][  0]TimingProfiler: OnSessionChanged
[2022.11.06-00.11.10:328][  0]LoadingProfiler: Initialize
[2022.11.06-00.11.10:328][  0]LoadingProfiler: OnSessionChanged
[2022.11.06-00.11.10:328][  0]NetworkingProfiler: Initialize
[2022.11.06-00.11.10:328][  0]NetworkingProfiler: OnSessionChanged
[2022.11.06-00.11.10:328][  0]MemoryProfiler: Initialize
[2022.11.06-00.11.10:328][  0]MemoryProfiler: OnSessionChanged
[2022.11.06-00.11.10:544][  0]LogCook: Display: CookSettings for Memory: MemoryMaxUsedVirtual 0MiB, MemoryMaxUsedPhysical 16384MiB, MemoryMinFreeVirtual 0MiB, MemoryMinFreePhysical 1024MiB
[2022.11.06-00.11.10:544][  0]LogCook: Display: Mobile HDR setting 1
[2022.11.06-00.11.10:587][  0]LogFileCache: Scanning file cache for directory 'C:/Users/Benny/Documents/GitHub/UnrealBrokenLegs/Platformer/Content/' took 0.01s
[2022.11.06-00.11.10:587][  0]LogAutoSizeComments: Startup AutoSizeComments
[2022.11.06-00.11.11:576][  0]LogInit: Display: Engine is initialized. Leaving FEngineLoop::Init()
[2022.11.06-00.11.11:580][  0]SourceControl: Source control is disabled
[2022.11.06-00.11.11:580][  0]LogUnrealEdMisc: Loading editor; pre map load, took 12.018
[2022.11.06-00.11.11:580][  0]Cmd: MAP LOAD FILE="C:/Users/Benny/Documents/GitHub/UnrealBrokenLegs/Platformer/Content/ThirdPersonBP/Maps/ThirdPersonExampleMap.umap" TEMPLATE=0 SHOWPROGRESS=1 FEATURELEVEL=3
[2022.11.06-00.11.11:586][  0]LightingResults: New page: Lighting Build
[2022.11.06-00.11.11:588][  0]LogWorld: UWorld::CleanupWorld for Untitled, bSessionEnded=true, bCleanupResources=true
[2022.11.06-00.11.11:588][  0]LogSlate: InvalidateAllWidgets triggered.  All widgets were invalidated
[2022.11.06-00.11.11:588][  0]MapCheck: New page: Map Check
[2022.11.06-00.11.11:588][  0]LightingResults: New page: Lighting Build
[2022.11.06-00.11.11:596][  0]LogAudio: Display: Audio Device unregistered from world 'None'.
[2022.11.06-00.11.11:602][  0]LogUObjectHash: Compacting FUObjectHashTables data took   1.39ms
[2022.11.06-00.11.12:046][  0]LogAudio: Display: Audio Device (ID: 1) registered with world 'ThirdPersonExampleMap'.
[2022.11.06-00.11.12:047][  0]LogAIModule: Creating AISystem for world ThirdPersonExampleMap
[2022.11.06-00.11.12:055][  0]LogEditorServer: Finished looking for orphan Actors (0.000 secs)
[2022.11.06-00.11.12:068][  0]LogUObjectHash: Compacting FUObjectHashTables data took   1.25ms
[2022.11.06-00.11.12:069][  0]Cmd: MAP CHECKDEP NOCLEARLOG
[2022.11.06-00.11.12:069][  0]MapCheck: Map check complete: 0 Error(s), 0 Warning(s), took 0.345ms to complete.
[2022.11.06-00.11.12:069][  0]LogFileHelpers: Loading map 'ThirdPersonExampleMap' took 0.489
[2022.11.06-00.11.12:072][  0]LogUnrealEdMisc: Total Editor Startup Time, took 12.510
[2022.11.06-00.11.12:883][  0]LogSlate: Only BGRA pngs, bmps or icos are supported in by External Image Picker
[2022.11.06-00.11.13:000][  0]LogSlate: Updating window title bar state: overlay mode, drag disabled, window buttons hidden, title bar hidden
[2022.11.06-00.11.13:009][  0]LogSlate: Updating window title bar state: overlay mode, drag disabled, window buttons hidden, title bar hidden
[2022.11.06-00.11.13:018][  0]LogSlate: Updating window title bar state: overlay mode, drag disabled, window buttons hidden, title bar hidden
[2022.11.06-00.11.13:027][  0]LogSlate: Updating window title bar state: overlay mode, drag disabled, window buttons hidden, title bar hidden
[2022.11.06-00.11.13:047][  0]LogNativeClassHierarchy: Verbose: Native class hierarchy populated in 0.0139 seconds. Added 3911 classes and 973 folders.
[2022.11.06-00.11.13:050][  0]LogNativeClassHierarchy: Verbose: Native class hierarchy updated for 'WidgetCarousel' in 0.0003 seconds. Added 0 classes and 0 folders.
[2022.11.06-00.11.13:053][  0]LogPakFile: PakFile PrimaryIndexSize=187
[2022.11.06-00.11.13:053][  0]LogPakFile: PakFile PathHashIndexSize=101
[2022.11.06-00.11.13:053][  0]LogPakFile: PakFile FullDirectoryIndexSize=148
[2022.11.06-00.11.13:053][  0]LogShaderLibrary: Display: ShaderCodeLibraryPakFileMountedCallback: PakFile 'D:/Epic Games/UE_4.27/FeaturePacks/FP_FirstPerson.upack' (chunk index -1, root 'root:/') mounted
[2022.11.06-00.11.13:053][  0]LogShaderLibrary: Display: ShaderCodeLibraryPakFileMountedCallback: pending pak file info (ChunkID:-1 Root:root:/ File:D:/Epic Games/UE_4.27/FeaturePacks/FP_FirstPerson.upack)
[2022.11.06-00.11.13:053][  0]LogPakFile: OnPakFileMounted2Time == 0.000075
[2022.11.06-00.11.13:054][  0]LogPakFile: PakFile PrimaryIndexSize=189
[2022.11.06-00.11.13:054][  0]LogPakFile: PakFile PathHashIndexSize=101
[2022.11.06-00.11.13:054][  0]LogPakFile: PakFile FullDirectoryIndexSize=152
[2022.11.06-00.11.13:054][  0]LogShaderLibrary: Display: ShaderCodeLibraryPakFileMountedCallback: PakFile 'D:/Epic Games/UE_4.27/FeaturePacks/FP_FirstPersonBP.upack' (chunk index -1, root 'root:/') mounted
[2022.11.06-00.11.13:054][  0]LogShaderLibrary: Display: ShaderCodeLibraryPakFileMountedCallback: pending pak file info (ChunkID:-1 Root:root:/ File:D:/Epic Games/UE_4.27/FeaturePacks/FP_FirstPersonBP.upack)
[2022.11.06-00.11.13:054][  0]LogPakFile: OnPakFileMounted2Time == 0.000063
[2022.11.06-00.11.13:055][  0]LogPakFile: PakFile PrimaryIndexSize=191
[2022.11.06-00.11.13:055][  0]LogPakFile: PakFile PathHashIndexSize=101
[2022.11.06-00.11.13:055][  0]LogPakFile: PakFile FullDirectoryIndexSize=160
[2022.11.06-00.11.13:056][  0]LogShaderLibrary: Display: ShaderCodeLibraryPakFileMountedCallback: PakFile 'D:/Epic Games/UE_4.27/FeaturePacks/MobileStarterContent.upack' (chunk index -1, root 'root:/') mounted
[2022.11.06-00.11.13:056][  0]LogShaderLibrary: Display: ShaderCodeLibraryPakFileMountedCallback: pending pak file info (ChunkID:-1 Root:root:/ File:D:/Epic Games/UE_4.27/FeaturePacks/MobileStarterContent.upack)
[2022.11.06-00.11.13:056][  0]LogPakFile: OnPakFileMounted2Time == 0.000049
[2022.11.06-00.11.13:057][  0]LogPakFile: PakFile PrimaryIndexSize=185
[2022.11.06-00.11.13:057][  0]LogPakFile: PakFile PathHashIndexSize=101
[2022.11.06-00.11.13:057][  0]LogPakFile: PakFile FullDirectoryIndexSize=148
[2022.11.06-00.11.13:057][  0]LogShaderLibrary: Display: ShaderCodeLibraryPakFileMountedCallback: PakFile 'D:/Epic Games/UE_4.27/FeaturePacks/StarterContent.upack' (chunk index -1, root 'root:/') mounted
[2022.11.06-00.11.13:057][  0]LogShaderLibrary: Display: ShaderCodeLibraryPakFileMountedCallback: pending pak file info (ChunkID:-1 Root:root:/ File:D:/Epic Games/UE_4.27/FeaturePacks/StarterContent.upack)
[2022.11.06-00.11.13:057][  0]LogPakFile: OnPakFileMounted2Time == 0.000050
[2022.11.06-00.11.13:058][  0]LogPakFile: PakFile PrimaryIndexSize=190
[2022.11.06-00.11.13:058][  0]LogPakFile: PakFile PathHashIndexSize=101
[2022.11.06-00.11.13:058][  0]LogPakFile: PakFile FullDirectoryIndexSize=154
[2022.11.06-00.11.13:058][  0]LogShaderLibrary: Display: ShaderCodeLibraryPakFileMountedCallback: PakFile 'D:/Epic Games/UE_4.27/FeaturePacks/TP_2DSideScroller.upack' (chunk index -1, root 'root:/') mounted
[2022.11.06-00.11.13:058][  0]LogShaderLibrary: Display: ShaderCodeLibraryPakFileMountedCallback: pending pak file info (ChunkID:-1 Root:root:/ File:D:/Epic Games/UE_4.27/FeaturePacks/TP_2DSideScroller.upack)
[2022.11.06-00.11.13:058][  0]LogPakFile: OnPakFileMounted2Time == 0.000056
[2022.11.06-00.11.13:059][  0]LogPakFile: PakFile PrimaryIndexSize=192
[2022.11.06-00.11.13:059][  0]LogPakFile: PakFile PathHashIndexSize=101
[2022.11.06-00.11.13:059][  0]LogPakFile: PakFile FullDirectoryIndexSize=158
[2022.11.06-00.11.13:059][  0]LogShaderLibrary: Display: ShaderCodeLibraryPakFileMountedCallback: PakFile 'D:/Epic Games/UE_4.27/FeaturePacks/TP_2DSideScrollerBP.upack' (chunk index -1, root 'root:/') mounted
[2022.11.06-00.11.13:059][  0]LogShaderLibrary: Display: ShaderCodeLibraryPakFileMountedCallback: pending pak file info (ChunkID:-1 Root:root:/ File:D:/Epic Games/UE_4.27/FeaturePacks/TP_2DSideScrollerBP.upack)
[2022.11.06-00.11.13:059][  0]LogPakFile: OnPakFileMounted2Time == 0.000045
[2022.11.06-00.11.13:060][  0]LogPakFile: PakFile PrimaryIndexSize=182
[2022.11.06-00.11.13:060][  0]LogPakFile: PakFile PathHashIndexSize=101
[2022.11.06-00.11.13:060][  0]LogPakFile: PakFile FullDirectoryIndexSize=138
[2022.11.06-00.11.13:060][  0]LogShaderLibrary: Display: ShaderCodeLibraryPakFileMountedCallback: PakFile 'D:/Epic Games/UE_4.27/FeaturePacks/TP_Flying.upack' (chunk index -1, root 'root:/') mounted
[2022.11.06-00.11.13:060][  0]LogShaderLibrary: Display: ShaderCodeLibraryPakFileMountedCallback: pending pak file info (ChunkID:-1 Root:root:/ File:D:/Epic Games/UE_4.27/FeaturePacks/TP_Flying.upack)
[2022.11.06-00.11.13:060][  0]LogPakFile: OnPakFileMounted2Time == 0.000049
[2022.11.06-00.11.13:061][  0]LogPakFile: PakFile PrimaryIndexSize=184
[2022.11.06-00.11.13:061][  0]LogPakFile: PakFile PathHashIndexSize=101
[2022.11.06-00.11.13:061][  0]LogPakFile: PakFile FullDirectoryIndexSize=142
[2022.11.06-00.11.13:061][  0]LogShaderLibrary: Display: ShaderCodeLibraryPakFileMountedCallback: PakFile 'D:/Epic Games/UE_4.27/FeaturePacks/TP_FlyingBP.upack' (chunk index -1, root 'root:/') mounted
[2022.11.06-00.11.13:061][  0]LogShaderLibrary: Display: ShaderCodeLibraryPakFileMountedCallback: pending pak file info (ChunkID:-1 Root:root:/ File:D:/Epic Games/UE_4.27/FeaturePacks/TP_FlyingBP.upack)
[2022.11.06-00.11.13:061][  0]LogPakFile: OnPakFileMounted2Time == 0.000045
[2022.11.06-00.11.13:062][  0]LogPakFile: PakFile PrimaryIndexSize=188
[2022.11.06-00.11.13:062][  0]LogPakFile: PakFile PathHashIndexSize=101
[2022.11.06-00.11.13:062][  0]LogPakFile: PakFile FullDirectoryIndexSize=150
[2022.11.06-00.11.13:062][  0]LogShaderLibrary: Display: ShaderCodeLibraryPakFileMountedCallback: PakFile 'D:/Epic Games/UE_4.27/FeaturePacks/TP_HandheldARBP.upack' (chunk index -1, root 'root:/') mounted
[2022.11.06-00.11.13:062][  0]LogShaderLibrary: Display: ShaderCodeLibraryPakFileMountedCallback: pending pak file info (ChunkID:-1 Root:root:/ File:D:/Epic Games/UE_4.27/FeaturePacks/TP_HandheldARBP.upack)
[2022.11.06-00.11.13:062][  0]LogPakFile: OnPakFileMounted2Time == 0.000047
[2022.11.06-00.11.13:063][  0]LogPakFile: PakFile PrimaryIndexSize=182
[2022.11.06-00.11.13:063][  0]LogPakFile: PakFile PathHashIndexSize=101
[2022.11.06-00.11.13:063][  0]LogPakFile: PakFile FullDirectoryIndexSize=138
[2022.11.06-00.11.13:063][  0]LogShaderLibrary: Display: ShaderCodeLibraryPakFileMountedCallback: PakFile 'D:/Epic Games/UE_4.27/FeaturePacks/TP_Puzzle.upack' (chunk index -1, root 'root:/') mounted
[2022.11.06-00.11.13:063][  0]LogShaderLibrary: Display: ShaderCodeLibraryPakFileMountedCallback: pending pak file info (ChunkID:-1 Root:root:/ File:D:/Epic Games/UE_4.27/FeaturePacks/TP_Puzzle.upack)
[2022.11.06-00.11.13:063][  0]LogPakFile: OnPakFileMounted2Time == 0.000051
[2022.11.06-00.11.13:065][  0]LogPakFile: PakFile PrimaryIndexSize=184
[2022.11.06-00.11.13:065][  0]LogPakFile: PakFile PathHashIndexSize=101
[2022.11.06-00.11.13:065][  0]LogPakFile: PakFile FullDirectoryIndexSize=142
[2022.11.06-00.11.13:065][  0]LogShaderLibrary: Display: ShaderCodeLibraryPakFileMountedCallback: PakFile 'D:/Epic Games/UE_4.27/FeaturePacks/TP_PuzzleBP.upack' (chunk index -1, root 'root:/') mounted
[2022.11.06-00.11.13:065][  0]LogShaderLibrary: Display: ShaderCodeLibraryPakFileMountedCallback: pending pak file info (ChunkID:-1 Root:root:/ File:D:/Epic Games/UE_4.27/FeaturePacks/TP_PuzzleBP.upack)
[2022.11.06-00.11.13:065][  0]LogPakFile: OnPakFileMounted2Time == 0.000058
[2022.11.06-00.11.13:066][  0]LogPakFile: PakFile PrimaryIndexSize=183
[2022.11.06-00.11.13:066][  0]LogPakFile: PakFile PathHashIndexSize=101
[2022.11.06-00.11.13:066][  0]LogPakFile: PakFile FullDirectoryIndexSize=140
[2022.11.06-00.11.13:066][  0]LogShaderLibrary: Display: ShaderCodeLibraryPakFileMountedCallback: PakFile 'D:/Epic Games/UE_4.27/FeaturePacks/TP_Rolling.upack' (chunk index -1, root 'root:/') mounted
[2022.11.06-00.11.13:066][  0]LogShaderLibrary: Display: ShaderCodeLibraryPakFileMountedCallback: pending pak file info (ChunkID:-1 Root:root:/ File:D:/Epic Games/UE_4.27/FeaturePacks/TP_Rolling.upack)
[2022.11.06-00.11.13:066][  0]LogPakFile: OnPakFileMounted2Time == 0.000049
[2022.11.06-00.11.13:067][  0]LogPakFile: PakFile PrimaryIndexSize=185
[2022.11.06-00.11.13:067][  0]LogPakFile: PakFile PathHashIndexSize=101
[2022.11.06-00.11.13:067][  0]LogPakFile: PakFile FullDirectoryIndexSize=144
[2022.11.06-00.11.13:067][  0]LogShaderLibrary: Display: ShaderCodeLibraryPakFileMountedCallback: PakFile 'D:/Epic Games/UE_4.27/FeaturePacks/TP_RollingBP.upack' (chunk index -1, root 'root:/') mounted
[2022.11.06-00.11.13:067][  0]LogShaderLibrary: Display: ShaderCodeLibraryPakFileMountedCallback: pending pak file info (ChunkID:-1 Root:root:/ File:D:/Epic Games/UE_4.27/FeaturePacks/TP_RollingBP.upack)
[2022.11.06-00.11.13:067][  0]LogPakFile: OnPakFileMounted2Time == 0.000047
[2022.11.06-00.11.13:068][  0]LogPakFile: PakFile PrimaryIndexSize=188
[2022.11.06-00.11.13:068][  0]LogPakFile: PakFile PathHashIndexSize=101
[2022.11.06-00.11.13:068][  0]LogPakFile: PakFile FullDirectoryIndexSize=150
[2022.11.06-00.11.13:068][  0]LogShaderLibrary: Display: ShaderCodeLibraryPakFileMountedCallback: PakFile 'D:/Epic Games/UE_4.27/FeaturePacks/TP_SideScroller.upack' (chunk index -1, root 'root:/') mounted
[2022.11.06-00.11.13:068][  0]LogShaderLibrary: Display: ShaderCodeLibraryPakFileMountedCallback: pending pak file info (ChunkID:-1 Root:root:/ File:D:/Epic Games/UE_4.27/FeaturePacks/TP_SideScroller.upack)
[2022.11.06-00.11.13:068][  0]LogPakFile: OnPakFileMounted2Time == 0.000046
[2022.11.06-00.11.13:069][  0]LogPakFile: PakFile PrimaryIndexSize=190
[2022.11.06-00.11.13:069][  0]LogPakFile: PakFile PathHashIndexSize=101
[2022.11.06-00.11.13:069][  0]LogPakFile: PakFile FullDirectoryIndexSize=154
[2022.11.06-00.11.13:069][  0]LogShaderLibrary: Display: ShaderCodeLibraryPakFileMountedCallback: PakFile 'D:/Epic Games/UE_4.27/FeaturePacks/TP_SideScrollerBP.upack' (chunk index -1, root 'root:/') mounted
[2022.11.06-00.11.13:069][  0]LogShaderLibrary: Display: ShaderCodeLibraryPakFileMountedCallback: pending pak file info (ChunkID:-1 Root:root:/ File:D:/Epic Games/UE_4.27/FeaturePacks/TP_SideScrollerBP.upack)
[2022.11.06-00.11.13:069][  0]LogPakFile: OnPakFileMounted2Time == 0.000046
[2022.11.06-00.11.13:070][  0]LogPakFile: PakFile PrimaryIndexSize=187
[2022.11.06-00.11.13:070][  0]LogPakFile: PakFile PathHashIndexSize=101
[2022.11.06-00.11.13:070][  0]LogPakFile: PakFile FullDirectoryIndexSize=148
[2022.11.06-00.11.13:070][  0]LogShaderLibrary: Display: ShaderCodeLibraryPakFileMountedCallback: PakFile 'D:/Epic Games/UE_4.27/FeaturePacks/TP_ThirdPerson.upack' (chunk index -1, root 'root:/') mounted
[2022.11.06-00.11.13:070][  0]LogShaderLibrary: Display: ShaderCodeLibraryPakFileMountedCallback: pending pak file info (ChunkID:-1 Root:root:/ File:D:/Epic Games/UE_4.27/FeaturePacks/TP_ThirdPerson.upack)
[2022.11.06-00.11.13:070][  0]LogPakFile: OnPakFileMounted2Time == 0.000050
[2022.11.06-00.11.13:071][  0]LogPakFile: PakFile PrimaryIndexSize=189
[2022.11.06-00.11.13:071][  0]LogPakFile: PakFile PathHashIndexSize=101
[2022.11.06-00.11.13:071][  0]LogPakFile: PakFile FullDirectoryIndexSize=152
[2022.11.06-00.11.13:071][  0]LogShaderLibrary: Display: ShaderCodeLibraryPakFileMountedCallback: PakFile 'D:/Epic Games/UE_4.27/FeaturePacks/TP_ThirdPersonBP.upack' (chunk index -1, root 'root:/') mounted
[2022.11.06-00.11.13:071][  0]LogShaderLibrary: Display: ShaderCodeLibraryPakFileMountedCallback: pending pak file info (ChunkID:-1 Root:root:/ File:D:/Epic Games/UE_4.27/FeaturePacks/TP_ThirdPersonBP.upack)
[2022.11.06-00.11.13:071][  0]LogPakFile: OnPakFileMounted2Time == 0.000047
[2022.11.06-00.11.13:072][  0]LogPakFile: PakFile PrimaryIndexSize=183
[2022.11.06-00.11.13:072][  0]LogPakFile: PakFile PathHashIndexSize=101
[2022.11.06-00.11.13:072][  0]LogPakFile: PakFile FullDirectoryIndexSize=140
[2022.11.06-00.11.13:072][  0]LogShaderLibrary: Display: ShaderCodeLibraryPakFileMountedCallback: PakFile 'D:/Epic Games/UE_4.27/FeaturePacks/TP_TopDown.upack' (chunk index -1, root 'root:/') mounted
[2022.11.06-00.11.13:072][  0]LogShaderLibrary: Display: ShaderCodeLibraryPakFileMountedCallback: pending pak file info (ChunkID:-1 Root:root:/ File:D:/Epic Games/UE_4.27/FeaturePacks/TP_TopDown.upack)
[2022.11.06-00.11.13:073][  0]LogPakFile: OnPakFileMounted2Time == 0.000055
[2022.11.06-00.11.13:073][  0]LogPakFile: PakFile PrimaryIndexSize=185
[2022.11.06-00.11.13:074][  0]LogPakFile: PakFile PathHashIndexSize=101
[2022.11.06-00.11.13:074][  0]LogPakFile: PakFile FullDirectoryIndexSize=144
[2022.11.06-00.11.13:074][  0]LogShaderLibrary: Display: ShaderCodeLibraryPakFileMountedCallback: PakFile 'D:/Epic Games/UE_4.27/FeaturePacks/TP_TopDownBP.upack' (chunk index -1, root 'root:/') mounted
[2022.11.06-00.11.13:074][  0]LogShaderLibrary: Display: ShaderCodeLibraryPakFileMountedCallback: pending pak file info (ChunkID:-1 Root:root:/ File:D:/Epic Games/UE_4.27/FeaturePacks/TP_TopDownBP.upack)
[2022.11.06-00.11.13:074][  0]LogPakFile: OnPakFileMounted2Time == 0.000137
[2022.11.06-00.11.13:075][  0]LogPakFile: PakFile PrimaryIndexSize=185
[2022.11.06-00.11.13:075][  0]LogPakFile: PakFile PathHashIndexSize=101
[2022.11.06-00.11.13:075][  0]LogPakFile: PakFile FullDirectoryIndexSize=144
[2022.11.06-00.11.13:075][  0]LogShaderLibrary: Display: ShaderCodeLibraryPakFileMountedCallback: PakFile 'D:/Epic Games/UE_4.27/FeaturePacks/TP_TwinStick.upack' (chunk index -1, root 'root:/') mounted
[2022.11.06-00.11.13:075][  0]LogShaderLibrary: Display: ShaderCodeLibraryPakFileMountedCallback: pending pak file info (ChunkID:-1 Root:root:/ File:D:/Epic Games/UE_4.27/FeaturePacks/TP_TwinStick.upack)
[2022.11.06-00.11.13:075][  0]LogPakFile: OnPakFileMounted2Time == 0.000048
[2022.11.06-00.11.13:076][  0]LogPakFile: PakFile PrimaryIndexSize=187
[2022.11.06-00.11.13:076][  0]LogPakFile: PakFile PathHashIndexSize=101
[2022.11.06-00.11.13:076][  0]LogPakFile: PakFile FullDirectoryIndexSize=148
[2022.11.06-00.11.13:076][  0]LogShaderLibrary: Display: ShaderCodeLibraryPakFileMountedCallback: PakFile 'D:/Epic Games/UE_4.27/FeaturePacks/TP_TwinStickBP.upack' (chunk index -1, root 'root:/') mounted
[2022.11.06-00.11.13:076][  0]LogShaderLibrary: Display: ShaderCodeLibraryPakFileMountedCallback: pending pak file info (ChunkID:-1 Root:root:/ File:D:/Epic Games/UE_4.27/FeaturePacks/TP_TwinStickBP.upack)
[2022.11.06-00.11.13:076][  0]LogPakFile: OnPakFileMounted2Time == 0.000045
[2022.11.06-00.11.13:077][  0]LogPakFile: PakFile PrimaryIndexSize=183
[2022.11.06-00.11.13:077][  0]LogPakFile: PakFile PathHashIndexSize=101
[2022.11.06-00.11.13:077][  0]LogPakFile: PakFile FullDirectoryIndexSize=140
[2022.11.06-00.11.13:077][  0]LogShaderLibrary: Display: ShaderCodeLibraryPakFileMountedCallback: PakFile 'D:/Epic Games/UE_4.27/FeaturePacks/TP_Vehicle.upack' (chunk index -1, root 'root:/') mounted
[2022.11.06-00.11.13:077][  0]LogShaderLibrary: Display: ShaderCodeLibraryPakFileMountedCallback: pending pak file info (ChunkID:-1 Root:root:/ File:D:/Epic Games/UE_4.27/FeaturePacks/TP_Vehicle.upack)
[2022.11.06-00.11.13:077][  0]LogPakFile: OnPakFileMounted2Time == 0.000045
[2022.11.06-00.11.13:078][  0]LogPakFile: PakFile PrimaryIndexSize=186
[2022.11.06-00.11.13:078][  0]LogPakFile: PakFile PathHashIndexSize=101
[2022.11.06-00.11.13:078][  0]LogPakFile: PakFile FullDirectoryIndexSize=146
[2022.11.06-00.11.13:078][  0]LogShaderLibrary: Display: ShaderCodeLibraryPakFileMountedCallback: PakFile 'D:/Epic Games/UE_4.27/FeaturePacks/TP_VehicleAdv.upack' (chunk index -1, root 'root:/') mounted
[2022.11.06-00.11.13:078][  0]LogShaderLibrary: Display: ShaderCodeLibraryPakFileMountedCallback: pending pak file info (ChunkID:-1 Root:root:/ File:D:/Epic Games/UE_4.27/FeaturePacks/TP_VehicleAdv.upack)
[2022.11.06-00.11.13:078][  0]LogPakFile: OnPakFileMounted2Time == 0.000048
[2022.11.06-00.11.13:079][  0]LogPakFile: PakFile PrimaryIndexSize=188
[2022.11.06-00.11.13:079][  0]LogPakFile: PakFile PathHashIndexSize=101
[2022.11.06-00.11.13:079][  0]LogPakFile: PakFile FullDirectoryIndexSize=150
[2022.11.06-00.11.13:079][  0]LogShaderLibrary: Display: ShaderCodeLibraryPakFileMountedCallback: PakFile 'D:/Epic Games/UE_4.27/FeaturePacks/TP_VehicleAdvBP.upack' (chunk index -1, root 'root:/') mounted
[2022.11.06-00.11.13:079][  0]LogShaderLibrary: Display: ShaderCodeLibraryPakFileMountedCallback: pending pak file info (ChunkID:-1 Root:root:/ File:D:/Epic Games/UE_4.27/FeaturePacks/TP_VehicleAdvBP.upack)
[2022.11.06-00.11.13:079][  0]LogPakFile: OnPakFileMounted2Time == 0.000054
[2022.11.06-00.11.13:080][  0]LogPakFile: PakFile PrimaryIndexSize=185
[2022.11.06-00.11.13:080][  0]LogPakFile: PakFile PathHashIndexSize=101
[2022.11.06-00.11.13:080][  0]LogPakFile: PakFile FullDirectoryIndexSize=144
[2022.11.06-00.11.13:081][  0]LogShaderLibrary: Display: ShaderCodeLibraryPakFileMountedCallback: PakFile 'D:/Epic Games/UE_4.27/FeaturePacks/TP_VehicleBP.upack' (chunk index -1, root 'root:/') mounted
[2022.11.06-00.11.13:081][  0]LogShaderLibrary: Display: ShaderCodeLibraryPakFileMountedCallback: pending pak file info (ChunkID:-1 Root:root:/ File:D:/Epic Games/UE_4.27/FeaturePacks/TP_VehicleBP.upack)
[2022.11.06-00.11.13:081][  0]LogPakFile: OnPakFileMounted2Time == 0.000058
[2022.11.06-00.11.13:082][  0]LogPakFile: PakFile PrimaryIndexSize=192
[2022.11.06-00.11.13:082][  0]LogPakFile: PakFile PathHashIndexSize=101
[2022.11.06-00.11.13:082][  0]LogPakFile: PakFile FullDirectoryIndexSize=158
[2022.11.06-00.11.13:082][  0]LogShaderLibrary: Display: ShaderCodeLibraryPakFileMountedCallback: PakFile 'D:/Epic Games/UE_4.27/FeaturePacks/TP_VirtualRealityBP.upack' (chunk index -1, root 'root:/') mounted
[2022.11.06-00.11.13:082][  0]LogShaderLibrary: Display: ShaderCodeLibraryPakFileMountedCallback: pending pak file info (ChunkID:-1 Root:root:/ File:D:/Epic Games/UE_4.27/FeaturePacks/TP_VirtualRealityBP.upack)
[2022.11.06-00.11.13:082][  0]LogPakFile: OnPakFileMounted2Time == 0.000046
[2022.11.06-00.11.13:193][  0]LogNativeClassHierarchy: Verbose: Native class hierarchy updated for 'AddContentDialog' in 0.0004 seconds. Added 0 classes and 0 folders.
[2022.11.06-00.11.13:195][  0]LogNativeClassHierarchy: Verbose: Native class hierarchy updated for 'SceneOutliner' in 0.0003 seconds. Added 2 classes and 0 folders.
[2022.11.06-00.11.13:330][  0]LogSlate: Took 0.000365 seconds to synchronously load lazily loaded font '../../../Engine/Content/Slate/Fonts/Roboto-Regular.ttf' (155K)
[2022.11.06-00.11.13:332][  0]LogSlate: Took 0.000315 seconds to synchronously load lazily loaded font '../../../Engine/Content/Editor/Slate/Fonts/FontAwesome.ttf' (139K)
[2022.11.06-00.11.13:333][  0]LogSlate: Took 0.000247 seconds to synchronously load lazily loaded font '../../../Engine/Content/Slate/Fonts/Roboto-Bold.ttf' (160K)
[2022.11.06-00.11.13:456][  0]LogRenderer: Reallocating scene render targets to support 1160x620 Format 9 NumSamples 1 (Frame:1).
[2022.11.06-00.11.13:564][  0]LogNativeClassHierarchy: Verbose: Native class hierarchy updated for 'HierarchicalLODOutliner' in 0.0003 seconds. Added 0 classes and 0 folders.
[2022.11.06-00.11.13:565][  0]LogInput: Warning: Action Jump uses invalid key OculusGo_Left_Trigger_Click.
[2022.11.06-00.11.13:565][  0]LogInput: Warning: Action ResetVR uses invalid key OculusGo_Left_Trackpad_Click.
[2022.11.06-00.11.13:565][  0]LogInput: Warning: Use -RemoveInvalidKeys to remove instances of these keys from the action mapping.
[2022.11.06-00.11.13:565][  0]LogLoad: (Engine Initialization) Total time: 14.00 seconds
[2022.11.06-00.11.13:565][  0]LogLoad: (Engine Initialization) Total Blueprint compile time: 0.00 seconds
[2022.11.06-00.11.13:659][  0]LogContentStreaming: Texture pool size now 800 MB
[2022.11.06-00.11.13:690][  1]LogAssetRegistry: Asset discovery search completed in 8.3908 seconds
[2022.11.06-00.11.13:700][  1]LogAutoSizeComments: Loaded auto size comments cache: D:/Epic Games/UE_4.27/Engine/Plugins/Marketplace/AutoSizeComments/ASCCache/C8DDF548496D6EB87991D6A2F9E638AE.json
[2022.11.06-00.11.13:703][  1]LogCollectionManager: Fixed up redirectors for 0 collections in 0.000015 seconds (updated 0 objects)
[2022.11.06-00.11.14:035][  2]LogSlate: Took 0.000344 seconds to synchronously load lazily loaded font '../../../Engine/Content/Slate/Fonts/Roboto-Light.ttf' (167K)
[2022.11.06-00.11.15:029][  5]LogSlate: Took 0.000348 seconds to synchronously load lazily loaded font '../../../Engine/Content/Slate/Fonts/Roboto-Light.ttf' (167K)
[2022.11.06-00.11.19:445][215]LogUObjectHash: Compacting FUObjectHashTables data took   0.91ms
[2022.11.06-00.11.20:004][215]LogAssetEditorSubsystem: Opening Asset editor for World /Game/Levels/Dev/Dev.Dev
[2022.11.06-00.11.20:004][215]Cmd: MAP LOAD FILE="C:/Users/Benny/Documents/GitHub/UnrealBrokenLegs/Platformer/Content/Levels/Dev/Dev.umap" TEMPLATE=0 SHOWPROGRESS=1 FEATURELEVEL=3
[2022.11.06-00.11.20:004][215]LightingResults: New page: Lighting Build
[2022.11.06-00.11.20:004][215]LoadErrors: New page: Loading map: Dev.umap
[2022.11.06-00.11.20:036][215]LogWorld: UWorld::CleanupWorld for ThirdPersonExampleMap, bSessionEnded=true, bCleanupResources=true
[2022.11.06-00.11.20:036][215]LogSlate: InvalidateAllWidgets triggered.  All widgets were invalidated
[2022.11.06-00.11.20:037][215]MapCheck: New page: Map Check
[2022.11.06-00.11.20:037][215]LightingResults: New page: Lighting Build
[2022.11.06-00.11.20:046][215]LogAudio: Display: Audio Device unregistered from world 'None'.
[2022.11.06-00.11.20:051][215]LogUObjectHash: Compacting FUObjectHashTables data took   1.47ms
[2022.11.06-00.11.20:052][215]LogAudio: Display: Audio Device (ID: 1) registered with world 'Dev'.
[2022.11.06-00.11.20:122][215]LogEditorServer: Finished looking for orphan Actors (0.000 secs)
[2022.11.06-00.11.20:122][215]LogAIModule: Creating AISystem for world Dev
[2022.11.06-00.11.20:135][215]LogUObjectHash: Compacting FUObjectHashTables data took   1.03ms
[2022.11.06-00.11.20:146][215]Cmd: MAP CHECKDEP NOCLEARLOG
[2022.11.06-00.11.20:147][215]MapCheck: Map check complete: 0 Error(s), 0 Warning(s), took 0.232ms to complete.
[2022.11.06-00.11.20:147][215]LogFileHelpers: Loading map 'Dev' took 0.143
[2022.11.06-00.12.55:768][ 79]LogSlate: Window 'Source Control Login' being destroyed
